[2026-03-08 15:54:50] ⏭️  周末/节假日，跳过财经日报
[2026-03-08 15:55:07] 🔧 强制模式：跳过工作日检查
[2026-03-08 15:55:07] ==========================================
[2026-03-08 15:55:07] 🦐 财经日报自动推送 | 2026-03-08 | 周7
[2026-03-08 15:55:07] ==========================================
[2026-03-08 15:55:07] 📊 步骤 1/3: 生成财经日报...
✅ 代理已启用 (mihomo-agent) | 飞书/国内服务走直连
🦐 小虾财经日报 | 生成日期：2026-03-08
📍 输出位置：/home/openclaw/.openclaw/workspace/obsidian-repo/daily/financial-news/2026-03-08.md

📊 获取 A 股行情数据（腾讯财经）...
✅ 上证指数：4124.19 (🟢 +15.62 / 0%)
✅ 深证成指：14172.63 (🟢 +83.79 / 0%)
✅ 恒生指数：25757.290 (🟢 +435.950 / 1.00%)
⚠️ 纳斯达克数据解析失败

📰 获取财经新闻（东方财富）...
✅ 获取到东方财富新闻

✅ 财经日报生成完成！
📄 文件：/home/openclaw/.openclaw/workspace/obsidian-repo/daily/financial-news/2026-03-08.md

📊 统计：84 行
[2026-03-08 15:55:08] ✅ 财经日报生成完成：/home/openclaw/.openclaw/workspace/obsidian-repo/daily/financial-news/2026-03-08.md
[2026-03-08 15:55:08] 📋 步骤 2/3: 质量检查...
🦐 小虾质量检查 | 文件：/home/openclaw/.openclaw/workspace/obsidian-repo/daily/financial-news/2026-03-08.md | 类型：financial

📊 财经类内容检查

📋 检查数据真实性...
✅ 数据来源明确
📋 检查信息完整性...
✅ 模块覆盖率：6/6 (100%)
📋 检查建议可操作性...
✅ 建议质量：70/100
📋 检查格式规范性...
✅ 格式质量：100/100

================================
## 质量评估报告

| 维度 | 得分 | 说明 |
|------|------|------|
| 数据真实性 | 90/100 | 权重 40% |
| 信息完整性 | 100/100 | 权重 25% |
| 建议可操作性 | 70/100 | 权重 20% |
| 格式规范性 | 100/100 | 权重 15% |

**综合得分：90/100**

🟢 优秀 - 直接输出

================================
处理决定：PASS

⚠️  改进建议：细化建议，增加可操作性
[2026-03-08 15:55:08] 📊 质量评分：0 / 100
[2026-03-08 15:55:08] ⚠️  质量评分 < 80，重新生成...
✅ 代理已启用 (mihomo-agent) | 飞书/国内服务走直连
🦐 小虾财经日报 | 生成日期：2026-03-08
📍 输出位置：/home/openclaw/.openclaw/workspace/obsidian-repo/daily/financial-news/2026-03-08.md

📊 获取 A 股行情数据（腾讯财经）...
✅ 上证指数：4124.19 (🟢 +15.62 / 0%)
✅ 深证成指：14172.63 (🟢 +83.79 / 0%)
✅ 恒生指数：25757.290 (🟢 +435.950 / 1.00%)
⚠️ 纳斯达克数据解析失败

📰 获取财经新闻（东方财富）...
✅ 获取到东方财富新闻

✅ 财经日报生成完成！
📄 文件：/home/openclaw/.openclaw/workspace/obsidian-repo/daily/financial-news/2026-03-08.md

📊 统计：84 行
[2026-03-08 15:55:08] 📊 二次评分：0 / 100
[2026-03-08 15:55:08] ❌ 二次检查仍 < 80 分，推送失败
[2026-03-08 15:55:22] 🔧 强制模式：跳过工作日检查
[2026-03-08 15:55:22] ==========================================
[2026-03-08 15:55:22] 🦐 财经日报自动推送 | 2026-03-08 | 周7
[2026-03-08 15:55:22] ==========================================
[2026-03-08 15:55:22] 📊 步骤 1/3: 生成财经日报...
✅ 代理已启用 (mihomo-agent) | 飞书/国内服务走直连
🦐 小虾财经日报 | 生成日期：2026-03-08
📍 输出位置：/home/openclaw/.openclaw/workspace/obsidian-repo/daily/financial-news/2026-03-08.md

📊 获取 A 股行情数据（腾讯财经）...
✅ 上证指数：4124.19 (🟢 +15.62 / 0%)
✅ 深证成指：14172.63 (🟢 +83.79 / 0%)
✅ 恒生指数：25757.290 (🟢 +435.950 / 1.00%)
⚠️ 纳斯达克数据解析失败

📰 获取财经新闻（东方财富）...
✅ 获取到东方财富新闻

✅ 财经日报生成完成！
📄 文件：/home/openclaw/.openclaw/workspace/obsidian-repo/daily/financial-news/2026-03-08.md

📊 统计：84 行
[2026-03-08 15:55:22] ✅ 财经日报生成完成：/home/openclaw/.openclaw/workspace/obsidian-repo/daily/financial-news/2026-03-08.md
[2026-03-08 15:55:22] 📋 步骤 2/3: 质量检查...
🦐 小虾质量检查 | 文件：/home/openclaw/.openclaw/workspace/obsidian-repo/daily/financial-news/2026-03-08.md | 类型：financial

📊 财经类内容检查

📋 检查数据真实性...
✅ 数据来源明确
📋 检查信息完整性...
✅ 模块覆盖率：6/6 (100%)
📋 检查建议可操作性...
✅ 建议质量：70/100
📋 检查格式规范性...
✅ 格式质量：100/100

================================
## 质量评估报告

| 维度 | 得分 | 说明 |
|------|------|------|
| 数据真实性 | 90/100 | 权重 40% |
| 信息完整性 | 100/100 | 权重 25% |
| 建议可操作性 | 70/100 | 权重 20% |
| 格式规范性 | 100/100 | 权重 15% |

**综合得分：90/100**

🟢 优秀 - 直接输出

================================
处理决定：PASS

⚠️  改进建议：细化建议，增加可操作性
[2026-03-08 15:55:22] 📊 质量评分：90 / 100
[2026-03-08 15:55:22] ✅ 质量检查通过
[2026-03-08 15:55:22] 📤 步骤 3/3: 推送飞书...
error: required option '-t, --target <dest>' not specified
[2026-03-08 15:55:28] ✅ 飞书推送成功
[2026-03-08 15:55:28] ==========================================
[2026-03-08 15:55:29] ✅ 财经日报推送流程完成
[2026-03-08 15:55:29] ==========================================
