🦐 小虾财经日报 | 生成日期：2026-03-05
📍 输出位置：/home/openclaw/.openclaw/workspace/obsidian-repo/daily/financial-news/2026-03-05.md

📊 获取 A 股行情数据（腾讯财经）...
✅ 上证指数：4108.57 (🟢 +26.10 / 0%)
✅ 深证成指：14088.84 (🟢 +171.09 / 1.00%)
✅ 恒生指数：25321.340 (🟢 +71.860 / 0%)
⚠️ 纳斯达克数据解析失败

📰 获取财经新闻（东方财富）...
✅ 获取到东方财富新闻

✅ 财经日报生成完成！
📄 文件：/home/openclaw/.openclaw/workspace/obsidian-repo/daily/financial-news/2026-03-05.md

📊 统计：84 行
🦐 小虾财经日报 | 生成日期：2026-03-06
📍 输出位置：/home/openclaw/.openclaw/workspace/obsidian-repo/daily/financial-news/2026-03-06.md

📊 获取 A 股行情数据（腾讯财经）...
✅ 上证指数：4124.19 (🟢 +15.62 / 0%)
✅ 深证成指：14172.63 (🟢 +83.79 / 0%)
✅ 恒生指数：25757.290 (🟢 +435.950 / 1.00%)
⚠️ 纳斯达克数据解析失败

📰 获取财经新闻（东方财富）...
✅ 获取到东方财富新闻

✅ 财经日报生成完成！
📄 文件：/home/openclaw/.openclaw/workspace/obsidian-repo/daily/financial-news/2026-03-06.md

📊 统计：84 行
