[2026-03-08 13:31:25] ==========================================
[2026-03-08 13:31:25] 🦐 Heartbeat 自动执行 | 13:31 | 周7
[2026-03-08 13:31:25] ==========================================
[2026-03-08 13:31:25] 📚 执行 RL 学习：paper
[2026-03-08 13:31:32] ✅ RL 学习完成：paper
[2026-03-08 13:31:32] ==========================================
[2026-03-08 13:31:32] ✅ Heartbeat 检查完成
[2026-03-08 13:31:32] ==========================================
[2026-03-08 14:00:01] ==========================================
[2026-03-08 14:00:01] 🦐 Heartbeat 自动执行 | 14:00 | 周7
[2026-03-08 14:00:01] ==========================================
[2026-03-08 14:00:01] 📚 执行 RL 学习：paper
[2026-03-08 14:00:04] ✅ RL 学习完成：paper
[2026-03-08 14:00:04] ==========================================
[2026-03-08 14:00:04] ✅ Heartbeat 检查完成
[2026-03-08 14:00:04] ==========================================
[2026-03-08 15:00:01] ==========================================
[2026-03-08 15:00:01] 🦐 Heartbeat 自动执行 | 15:00 | 周7
[2026-03-08 15:00:01] ==========================================
[2026-03-08 15:00:01] 📚 执行 RL 学习：paper
[2026-03-08 15:00:04] ✅ RL 学习完成：paper
[2026-03-08 15:00:04] ==========================================
[2026-03-08 15:00:04] ✅ Heartbeat 检查完成
[2026-03-08 15:00:04] ==========================================
[2026-03-08 16:00:01] ==========================================
[2026-03-08 16:00:01] 🦐 Heartbeat 自动执行 | 16:00 | 周7
[2026-03-08 16:00:01] ==========================================
[2026-03-08 16:00:01] ==========================================
[2026-03-08 16:00:02] ✅ Heartbeat 检查完成
[2026-03-08 16:00:02] ==========================================
[2026-03-08 17:00:02] ==========================================
[2026-03-08 17:00:02] 🦐 Heartbeat 自动执行 | 17:00 | 周7
[2026-03-08 17:00:02] ==========================================
[2026-03-08 17:00:02] ==========================================
[2026-03-08 17:00:02] ✅ Heartbeat 检查完成
[2026-03-08 17:00:02] ==========================================
[2026-03-08 18:00:02] ==========================================
[2026-03-08 18:00:02] 🦐 Heartbeat 自动执行 | 18:00 | 周7
[2026-03-08 18:00:02] ==========================================
[2026-03-08 18:00:02] ==========================================
[2026-03-08 18:00:02] ✅ Heartbeat 检查完成
[2026-03-08 18:00:02] ==========================================
[2026-03-08 19:00:01] ==========================================
[2026-03-08 19:00:02] 🦐 Heartbeat 自动执行 | 19:00 | 周7
[2026-03-08 19:00:02] ==========================================
[2026-03-08 19:00:02] 📚 执行 RL 学习：code
[2026-03-08 19:00:06] ✅ RL 学习完成：code
[2026-03-08 19:00:06] ==========================================
[2026-03-08 19:00:06] ✅ Heartbeat 检查完成
[2026-03-08 19:00:06] ==========================================
[2026-03-08 20:00:01] ==========================================
[2026-03-08 20:00:01] 🦐 Heartbeat 自动执行 | 20:00 | 周7
[2026-03-08 20:00:01] ==========================================
[2026-03-08 20:00:01] 📚 执行 RL 学习：code
[2026-03-08 20:00:03] ✅ RL 学习完成：code
[2026-03-08 20:00:03] ==========================================
[2026-03-08 20:00:03] ✅ Heartbeat 检查完成
[2026-03-08 20:00:03] ==========================================
[2026-03-08 21:00:02] ==========================================
[2026-03-08 21:00:02] 🦐 Heartbeat 自动执行 | 21:00 | 周7
[2026-03-08 21:00:02] ==========================================
[2026-03-08 21:00:02] 📚 执行 RL 学习：code
[2026-03-08 21:00:07] ✅ RL 学习完成：code
[2026-03-08 21:00:07] ==========================================
[2026-03-08 21:00:07] ✅ Heartbeat 检查完成
[2026-03-08 21:00:07] ==========================================
[2026-03-08 22:00:02] ==========================================
[2026-03-08 22:00:02] 🦐 Heartbeat 自动执行 | 22:00 | 周7
[2026-03-08 22:00:02] ==========================================
[2026-03-08 22:00:02] ==========================================
[2026-03-08 22:00:02] ✅ Heartbeat 检查完成
[2026-03-08 22:00:02] ==========================================
[2026-03-08 23:00:02] ==========================================
[2026-03-08 23:00:02] 🦐 Heartbeat 自动执行 | 23:00 | 周7
[2026-03-08 23:00:02] ==========================================
[2026-03-08 23:00:02] ==========================================
[2026-03-08 23:00:02] ✅ Heartbeat 检查完成
[2026-03-08 23:00:02] ==========================================
[2026-03-09 00:00:01] ==========================================
[2026-03-09 00:00:01] 🦐 Heartbeat 自动执行 | 00:00 | 周1
[2026-03-09 00:00:01] ==========================================
[2026-03-09 00:00:01] ==========================================
[2026-03-09 00:00:01] ✅ Heartbeat 检查完成
[2026-03-09 00:00:01] ==========================================
[2026-03-09 01:00:01] ==========================================
[2026-03-09 01:00:01] 🦐 Heartbeat 自动执行 | 01:00 | 周1
[2026-03-09 01:00:01] ==========================================
[2026-03-09 01:00:01] ==========================================
[2026-03-09 01:00:01] ✅ Heartbeat 检查完成
[2026-03-09 01:00:01] ==========================================
[2026-03-09 02:00:02] ==========================================
[2026-03-09 02:00:02] 🦐 Heartbeat 自动执行 | 02:00 | 周1
[2026-03-09 02:00:02] ==========================================
[2026-03-09 02:00:02] ==========================================
[2026-03-09 02:00:02] ✅ Heartbeat 检查完成
[2026-03-09 02:00:02] ==========================================
[2026-03-09 03:00:01] ==========================================
[2026-03-09 03:00:01] 🦐 Heartbeat 自动执行 | 03:00 | 周1
[2026-03-09 03:00:01] ==========================================
[2026-03-09 03:00:01] ==========================================
[2026-03-09 03:00:01] ✅ Heartbeat 检查完成
[2026-03-09 03:00:01] ==========================================
[2026-03-09 04:00:01] ==========================================
[2026-03-09 04:00:01] 🦐 Heartbeat 自动执行 | 04:00 | 周1
[2026-03-09 04:00:01] ==========================================
[2026-03-09 04:00:01] ==========================================
[2026-03-09 04:00:01] ✅ Heartbeat 检查完成
[2026-03-09 04:00:01] ==========================================
[2026-03-09 05:00:01] ==========================================
[2026-03-09 05:00:01] 🦐 Heartbeat 自动执行 | 05:00 | 周1
[2026-03-09 05:00:01] ==========================================
[2026-03-09 05:00:01] ==========================================
[2026-03-09 05:00:01] ✅ Heartbeat 检查完成
[2026-03-09 05:00:01] ==========================================
[2026-03-09 06:00:01] ==========================================
[2026-03-09 06:00:01] 🦐 Heartbeat 自动执行 | 06:00 | 周1
[2026-03-09 06:00:01] ==========================================
[2026-03-09 06:00:01] ==========================================
[2026-03-09 06:00:02] ✅ Heartbeat 检查完成
[2026-03-09 06:00:02] ==========================================
[2026-03-09 07:00:01] ==========================================
[2026-03-09 07:00:01] 🦐 Heartbeat 自动执行 | 07:00 | 周1
[2026-03-09 07:00:01] ==========================================
[2026-03-09 07:00:01] 📈 执行财经日报生成
[2026-03-09 07:00:08] ✅ 财经日报完成
[2026-03-09 07:00:08] ==========================================
[2026-03-09 07:00:08] ✅ Heartbeat 检查完成
[2026-03-09 07:00:08] ==========================================
[2026-03-09 08:00:01] ==========================================
[2026-03-09 08:00:01] 🦐 Heartbeat 自动执行 | 08:00 | 周1
[2026-03-09 08:00:01] ==========================================
[2026-03-09 08:00:01] ==========================================
[2026-03-09 08:00:01] ✅ Heartbeat 检查完成
[2026-03-09 08:00:01] ==========================================
[2026-03-09 09:00:01] ==========================================
[2026-03-09 09:00:01] 🦐 Heartbeat 自动执行 | 09:00 | 周1
[2026-03-09 09:00:01] ==========================================
[2026-03-09 09:00:01] ==========================================
[2026-03-09 09:00:01] ✅ Heartbeat 检查完成
[2026-03-09 09:00:01] ==========================================
[2026-03-09 10:00:01] ==========================================
[2026-03-09 10:00:01] 🦐 Heartbeat 自动执行 | 10:00 | 周1
[2026-03-09 10:00:01] ==========================================
[2026-03-09 11:00:01] ==========================================
[2026-03-09 11:00:01] 🦐 Heartbeat 自动执行 | 11:00 | 周1
[2026-03-09 11:00:01] ==========================================
[2026-03-09 11:00:01] ==========================================
[2026-03-09 11:00:01] ✅ Heartbeat 检查完成
[2026-03-09 11:00:01] ==========================================
[2026-03-09 12:00:02] ==========================================
[2026-03-09 12:00:02] 🦐 Heartbeat 自动执行 | 12:00 | 周1
[2026-03-09 12:00:02] ==========================================
[2026-03-09 12:00:02] ==========================================
[2026-03-09 12:00:02] ✅ Heartbeat 检查完成
[2026-03-09 12:00:02] ==========================================
[2026-03-09 13:00:01] ==========================================
[2026-03-09 13:00:01] 🦐 Heartbeat 自动执行 | 13:00 | 周1
[2026-03-09 13:00:01] ==========================================
[2026-03-09 13:00:01] 📚 执行 RL 学习：paper
[2026-03-09 13:00:09] ✅ RL 学习完成：paper
[2026-03-09 13:00:09] ==========================================
[2026-03-09 13:00:09] ✅ Heartbeat 检查完成
[2026-03-09 13:00:09] ==========================================
[2026-03-09 14:00:01] ==========================================
[2026-03-09 14:00:01] 🦐 Heartbeat 自动执行 | 14:00 | 周1
[2026-03-09 14:00:01] ==========================================
[2026-03-09 14:00:01] 📚 执行 RL 学习：paper
[2026-03-09 14:00:20] ✅ RL 学习完成：paper
[2026-03-09 14:00:20] ==========================================
[2026-03-09 14:00:20] ✅ Heartbeat 检查完成
[2026-03-09 14:00:20] ==========================================
[2026-03-09 15:00:01] ==========================================
[2026-03-09 15:00:01] 🦐 Heartbeat 自动执行 | 15:00 | 周1
[2026-03-09 15:00:01] ==========================================
[2026-03-09 15:00:01] 📚 执行 RL 学习：paper
[2026-03-09 15:00:19] ✅ RL 学习完成：paper
[2026-03-09 15:00:19] ==========================================
[2026-03-09 15:00:19] ✅ Heartbeat 检查完成
[2026-03-09 15:00:19] ==========================================
[2026-03-09 16:00:01] ==========================================
[2026-03-09 16:00:01] 🦐 Heartbeat 自动执行 | 16:00 | 周1
[2026-03-09 16:00:01] ==========================================
[2026-03-09 16:00:01] ==========================================
[2026-03-09 16:00:01] ✅ Heartbeat 检查完成
[2026-03-09 16:00:01] ==========================================
[2026-03-09 17:00:01] ==========================================
[2026-03-09 17:00:01] 🦐 Heartbeat 自动执行 | 17:00 | 周1
[2026-03-09 17:00:01] ==========================================
[2026-03-09 17:00:01] ==========================================
[2026-03-09 17:00:01] ✅ Heartbeat 检查完成
[2026-03-09 17:00:01] ==========================================
[2026-03-09 18:00:02] ==========================================
[2026-03-09 18:00:02] 🦐 Heartbeat 自动执行 | 18:00 | 周1
[2026-03-09 18:00:02] ==========================================
[2026-03-09 18:00:02] ==========================================
[2026-03-09 18:00:02] ✅ Heartbeat 检查完成
[2026-03-09 18:00:02] ==========================================
[2026-03-09 19:00:01] ==========================================
[2026-03-09 19:00:01] 🦐 Heartbeat 自动执行 | 19:00 | 周1
[2026-03-09 19:00:01] ==========================================
[2026-03-09 19:00:01] 📚 执行 RL 学习：code
[2026-03-09 19:00:06] ✅ RL 学习完成：code
[2026-03-09 19:00:06] ==========================================
[2026-03-09 19:00:06] ✅ Heartbeat 检查完成
[2026-03-09 19:00:06] ==========================================
[2026-03-09 20:00:01] ==========================================
[2026-03-09 20:00:01] 🦐 Heartbeat 自动执行 | 20:00 | 周1
[2026-03-09 20:00:01] ==========================================
[2026-03-09 20:00:01] 📚 执行 RL 学习：code
[2026-03-09 20:00:05] ✅ RL 学习完成：code
[2026-03-09 20:00:05] ==========================================
[2026-03-09 20:00:05] ✅ Heartbeat 检查完成
[2026-03-09 20:00:05] ==========================================
[2026-03-09 21:00:01] ==========================================
[2026-03-09 21:00:01] 🦐 Heartbeat 自动执行 | 21:00 | 周1
[2026-03-09 21:00:01] ==========================================
[2026-03-09 21:00:01] 📚 执行 RL 学习：code
[2026-03-09 21:00:05] ✅ RL 学习完成：code
[2026-03-09 21:00:05] ==========================================
[2026-03-09 21:00:05] ✅ Heartbeat 检查完成
[2026-03-09 21:00:05] ==========================================
[2026-03-09 22:00:01] ==========================================
[2026-03-09 22:00:01] 🦐 Heartbeat 自动执行 | 22:00 | 周1
[2026-03-09 22:00:01] ==========================================
[2026-03-09 22:00:01] ==========================================
[2026-03-09 22:00:01] ✅ Heartbeat 检查完成
[2026-03-09 22:00:01] ==========================================
[2026-03-09 23:00:01] ==========================================
[2026-03-09 23:00:01] 🦐 Heartbeat 自动执行 | 23:00 | 周1
[2026-03-09 23:00:01] ==========================================
[2026-03-09 23:00:01] ==========================================
[2026-03-09 23:00:01] ✅ Heartbeat 检查完成
[2026-03-09 23:00:01] ==========================================
[2026-03-10 00:00:01] ==========================================
[2026-03-10 00:00:01] 🦐 Heartbeat 自动执行 | 00:00 | 周2
[2026-03-10 00:00:01] ==========================================
[2026-03-10 00:00:01] ==========================================
[2026-03-10 00:00:01] ✅ Heartbeat 检查完成
[2026-03-10 00:00:01] ==========================================
[2026-03-10 01:00:01] ==========================================
[2026-03-10 01:00:01] 🦐 Heartbeat 自动执行 | 01:00 | 周2
[2026-03-10 01:00:01] ==========================================
[2026-03-10 01:00:01] ==========================================
[2026-03-10 01:00:01] ✅ Heartbeat 检查完成
[2026-03-10 01:00:01] ==========================================
[2026-03-10 02:00:01] ==========================================
[2026-03-10 02:00:01] 🦐 Heartbeat 自动执行 | 02:00 | 周2
[2026-03-10 02:00:01] ==========================================
[2026-03-10 02:00:01] ==========================================
[2026-03-10 02:00:01] ✅ Heartbeat 检查完成
[2026-03-10 02:00:01] ==========================================
[2026-03-10 03:00:01] ==========================================
[2026-03-10 03:00:01] 🦐 Heartbeat 自动执行 | 03:00 | 周2
[2026-03-10 03:00:01] ==========================================
[2026-03-10 03:00:01] ==========================================
[2026-03-10 03:00:01] ✅ Heartbeat 检查完成
[2026-03-10 03:00:01] ==========================================
[2026-03-10 04:00:01] ==========================================
[2026-03-10 04:00:01] 🦐 Heartbeat 自动执行 | 04:00 | 周2
[2026-03-10 04:00:01] ==========================================
[2026-03-10 04:00:01] ==========================================
[2026-03-10 04:00:01] ✅ Heartbeat 检查完成
[2026-03-10 04:00:01] ==========================================
[2026-03-10 05:00:01] ==========================================
[2026-03-10 05:00:01] 🦐 Heartbeat 自动执行 | 05:00 | 周2
[2026-03-10 05:00:01] ==========================================
[2026-03-10 05:00:01] ==========================================
[2026-03-10 05:00:01] ✅ Heartbeat 检查完成
[2026-03-10 05:00:01] ==========================================
[2026-03-10 06:00:01] ==========================================
[2026-03-10 06:00:01] 🦐 Heartbeat 自动执行 | 06:00 | 周2
[2026-03-10 06:00:01] ==========================================
[2026-03-10 06:00:01] ==========================================
[2026-03-10 06:00:01] ✅ Heartbeat 检查完成
[2026-03-10 06:00:01] ==========================================
[2026-03-10 07:00:01] ==========================================
[2026-03-10 07:00:01] 🦐 Heartbeat 自动执行 | 07:00 | 周2
[2026-03-10 07:00:01] ==========================================
[2026-03-10 07:00:01] 📈 执行财经日报生成
[2026-03-10 07:00:19] ✅ 财经日报完成
[2026-03-10 07:00:19] ==========================================
[2026-03-10 07:00:19] ✅ Heartbeat 检查完成
[2026-03-10 07:00:19] ==========================================
[2026-03-10 08:00:01] ==========================================
[2026-03-10 08:00:01] 🦐 Heartbeat 自动执行 | 08:00 | 周2
[2026-03-10 08:00:02] ==========================================
[2026-03-10 08:00:02] ==========================================
[2026-03-10 08:00:02] ✅ Heartbeat 检查完成
[2026-03-10 08:00:02] ==========================================
[2026-03-10 09:00:01] ==========================================
[2026-03-10 09:00:01] 🦐 Heartbeat 自动执行 | 09:00 | 周2
[2026-03-10 09:00:01] ==========================================
[2026-03-10 09:00:01] ==========================================
[2026-03-10 09:00:01] ✅ Heartbeat 检查完成
[2026-03-10 09:00:01] ==========================================
[2026-03-10 10:00:01] ==========================================
[2026-03-10 10:00:01] 🦐 Heartbeat 自动执行 | 10:00 | 周2
[2026-03-10 10:00:01] ==========================================
[2026-03-10 11:00:01] ==========================================
[2026-03-10 11:00:01] 🦐 Heartbeat 自动执行 | 11:00 | 周2
[2026-03-10 11:00:01] ==========================================
[2026-03-10 11:00:01] ==========================================
[2026-03-10 11:00:01] ✅ Heartbeat 检查完成
[2026-03-10 11:00:01] ==========================================
[2026-03-10 12:00:02] ==========================================
[2026-03-10 12:00:02] 🦐 Heartbeat 自动执行 | 12:00 | 周2
[2026-03-10 12:00:02] ==========================================
[2026-03-10 12:00:02] ==========================================
[2026-03-10 12:00:02] ✅ Heartbeat 检查完成
[2026-03-10 12:00:02] ==========================================
[2026-03-10 13:00:01] ==========================================
[2026-03-10 13:00:01] 🦐 Heartbeat 自动执行 | 13:00 | 周2
[2026-03-10 13:00:01] ==========================================
[2026-03-10 13:00:01] 📚 执行 RL 学习：paper
[2026-03-10 13:00:26] ✅ RL 学习完成：paper
[2026-03-10 13:00:26] ==========================================
[2026-03-10 13:00:26] ✅ Heartbeat 检查完成
[2026-03-10 13:00:26] ==========================================
[2026-03-10 14:00:01] ==========================================
[2026-03-10 14:00:01] 🦐 Heartbeat 自动执行 | 14:00 | 周2
[2026-03-10 14:00:01] ==========================================
[2026-03-10 14:00:01] 📚 执行 RL 学习：paper
[2026-03-10 14:00:13] ✅ RL 学习完成：paper
[2026-03-10 14:00:13] ==========================================
[2026-03-10 14:00:13] ✅ Heartbeat 检查完成
[2026-03-10 14:00:13] ==========================================
[2026-03-10 15:00:01] ==========================================
[2026-03-10 15:00:01] 🦐 Heartbeat 自动执行 | 15:00 | 周2
[2026-03-10 15:00:01] ==========================================
[2026-03-10 15:00:01] 📚 执行 RL 学习：paper
[2026-03-10 15:00:13] ✅ RL 学习完成：paper
[2026-03-10 15:00:14] ==========================================
[2026-03-10 15:00:14] ✅ Heartbeat 检查完成
[2026-03-10 15:00:14] ==========================================
[2026-03-10 16:00:01] ==========================================
[2026-03-10 16:00:01] 🦐 Heartbeat 自动执行 | 16:00 | 周2
[2026-03-10 16:00:01] ==========================================
[2026-03-10 16:00:01] ==========================================
[2026-03-10 16:00:01] ✅ Heartbeat 检查完成
[2026-03-10 16:00:01] ==========================================
[2026-03-10 17:00:01] ==========================================
[2026-03-10 17:00:01] 🦐 Heartbeat 自动执行 | 17:00 | 周2
[2026-03-10 17:00:01] ==========================================
[2026-03-10 17:00:01] ==========================================
[2026-03-10 17:00:01] ✅ Heartbeat 检查完成
[2026-03-10 17:00:01] ==========================================
[2026-03-10 18:00:01] ==========================================
[2026-03-10 18:00:01] 🦐 Heartbeat 自动执行 | 18:00 | 周2
[2026-03-10 18:00:01] ==========================================
[2026-03-10 18:00:01] ==========================================
[2026-03-10 18:00:01] ✅ Heartbeat 检查完成
[2026-03-10 18:00:01] ==========================================
[2026-03-11 05:00:02] ==========================================
[2026-03-11 05:00:02] 🦐 Heartbeat 自动执行 | 05:00 | 周3
[2026-03-11 05:00:02] ==========================================
[2026-03-11 05:00:02] ==========================================
[2026-03-11 05:00:02] ✅ Heartbeat 检查完成
[2026-03-11 05:00:02] ==========================================
[2026-03-11 06:00:02] ==========================================
[2026-03-11 06:00:02] 🦐 Heartbeat 自动执行 | 06:00 | 周3
[2026-03-11 06:00:02] ==========================================
[2026-03-11 06:00:02] ==========================================
[2026-03-11 06:00:02] ✅ Heartbeat 检查完成
[2026-03-11 06:00:02] ==========================================
[2026-03-11 07:00:01] ==========================================
[2026-03-11 07:00:01] 🦐 Heartbeat 自动执行 | 07:00 | 周3
[2026-03-11 07:00:01] ==========================================
[2026-03-11 07:00:01] 📈 执行财经日报生成
[2026-03-11 07:00:10] ✅ 财经日报完成
[2026-03-11 07:00:10] ==========================================
[2026-03-11 07:00:10] ✅ Heartbeat 检查完成
[2026-03-11 07:00:10] ==========================================
[2026-03-11T07:33:20+08:00] ✅ 财经日报自动执行完成 | 质量分：90/100 | Git 推送成功 | 飞书通知已发送
[2026-03-11 08:00:01] ==========================================
[2026-03-11 08:00:02] 🦐 Heartbeat 自动执行 | 08:00 | 周3
[2026-03-11 08:00:02] ==========================================
[2026-03-11 08:00:02] ==========================================
[2026-03-11 08:00:02] ✅ Heartbeat 检查完成
[2026-03-11 08:00:02] ==========================================
[2026-03-11 09:00:01] ==========================================
[2026-03-11 09:00:01] 🦐 Heartbeat 自动执行 | 09:00 | 周3
[2026-03-11 09:00:01] ==========================================
[2026-03-11 09:00:01] ==========================================
[2026-03-11 09:00:01] ✅ Heartbeat 检查完成
[2026-03-11 09:00:01] ==========================================
[2026-03-11 10:00:01] ==========================================
[2026-03-11 10:00:01] 🦐 Heartbeat 自动执行 | 10:00 | 周3
[2026-03-11 10:00:01] ==========================================
[2026-03-11 11:00:02] ==========================================
[2026-03-11 11:00:02] 🦐 Heartbeat 自动执行 | 11:00 | 周3
[2026-03-11 11:00:02] ==========================================
[2026-03-11 11:00:02] ==========================================
[2026-03-11 11:00:02] ✅ Heartbeat 检查完成
[2026-03-11 11:00:02] ==========================================
[2026-03-11 12:00:01] ==========================================
[2026-03-11 12:00:01] 🦐 Heartbeat 自动执行 | 12:00 | 周3
[2026-03-11 12:00:01] ==========================================
[2026-03-11 12:00:01] ==========================================
[2026-03-11 12:00:01] ✅ Heartbeat 检查完成
[2026-03-11 12:00:01] ==========================================
[2026-03-11 13:00:01] ==========================================
[2026-03-11 13:00:01] 🦐 Heartbeat 自动执行 | 13:00 | 周3
[2026-03-11 13:00:01] ==========================================
[2026-03-11 13:00:01] 📚 执行 RL 学习：paper
[2026-03-11 13:00:29] ✅ RL 学习完成：paper
[2026-03-11 13:00:29] ==========================================
[2026-03-11 13:00:29] ✅ Heartbeat 检查完成
[2026-03-11 13:00:29] ==========================================
[2026-03-11 14:00:01] ==========================================
[2026-03-11 14:00:01] 🦐 Heartbeat 自动执行 | 14:00 | 周3
[2026-03-11 14:00:01] ==========================================
[2026-03-11 14:00:01] 📚 执行 RL 学习：paper
[2026-03-11 14:00:09] ✅ RL 学习完成：paper
[2026-03-11 14:00:09] ==========================================
[2026-03-11 14:00:09] ✅ Heartbeat 检查完成
[2026-03-11 14:00:09] ==========================================
[2026-03-11 15:00:01] ==========================================
[2026-03-11 15:00:01] 🦐 Heartbeat 自动执行 | 15:00 | 周3
[2026-03-11 15:00:01] ==========================================
[2026-03-11 15:00:01] 📚 执行 RL 学习：paper
[2026-03-11 15:00:13] ✅ RL 学习完成：paper
[2026-03-11 15:00:13] ==========================================
[2026-03-11 15:00:14] ✅ Heartbeat 检查完成
[2026-03-11 15:00:14] ==========================================
[2026-03-11 16:00:01] ==========================================
[2026-03-11 16:00:01] 🦐 Heartbeat 自动执行 | 16:00 | 周3
[2026-03-11 16:00:01] ==========================================
[2026-03-11 16:00:01] ==========================================
[2026-03-11 16:00:01] ✅ Heartbeat 检查完成
[2026-03-11 16:00:01] ==========================================
[2026-03-11 17:00:01] ==========================================
[2026-03-11 17:00:01] 🦐 Heartbeat 自动执行 | 17:00 | 周3
[2026-03-11 17:00:01] ==========================================
[2026-03-11 17:00:01] ==========================================
[2026-03-11 17:00:01] ✅ Heartbeat 检查完成
[2026-03-11 17:00:01] ==========================================
[2026-03-11 18:00:01] ==========================================
[2026-03-11 18:00:01] 🦐 Heartbeat 自动执行 | 18:00 | 周3
[2026-03-11 18:00:01] ==========================================
[2026-03-11 18:00:01] ==========================================
[2026-03-11 18:00:01] ✅ Heartbeat 检查完成
[2026-03-11 18:00:01] ==========================================
[2026-03-11 19:00:01] ==========================================
[2026-03-11 19:00:01] 🦐 Heartbeat 自动执行 | 19:00 | 周3
[2026-03-11 19:00:01] ==========================================
[2026-03-11 19:00:02] 📚 执行 RL 学习：code
[2026-03-11 19:00:06] ✅ RL 学习完成：code
[2026-03-11 19:00:06] ==========================================
[2026-03-11 19:00:06] ✅ Heartbeat 检查完成
[2026-03-11 19:00:06] ==========================================
[2026-03-11 20:00:01] ==========================================
[2026-03-11 20:00:01] 🦐 Heartbeat 自动执行 | 20:00 | 周3
[2026-03-11 20:00:01] ==========================================
[2026-03-11 20:00:01] 📚 执行 RL 学习：code
[2026-03-11 20:00:08] ✅ RL 学习完成：code
[2026-03-11 20:00:08] ==========================================
[2026-03-11 20:00:08] ✅ Heartbeat 检查完成
[2026-03-11 20:00:08] ==========================================
[2026-03-11 21:00:01] ==========================================
[2026-03-11 21:00:01] 🦐 Heartbeat 自动执行 | 21:00 | 周3
[2026-03-11 21:00:01] ==========================================
[2026-03-11 21:00:02] 📚 执行 RL 学习：code
[2026-03-11 21:00:04] ✅ RL 学习完成：code
[2026-03-11 21:00:04] ==========================================
[2026-03-11 21:00:04] ✅ Heartbeat 检查完成
[2026-03-11 21:00:04] ==========================================
[2026-03-11 22:00:01] ==========================================
[2026-03-11 22:00:01] 🦐 Heartbeat 自动执行 | 22:00 | 周3
[2026-03-11 22:00:01] ==========================================
[2026-03-11 22:00:01] ==========================================
[2026-03-11 22:00:01] ✅ Heartbeat 检查完成
[2026-03-11 22:00:01] ==========================================
[2026-03-11 23:00:01] ==========================================
[2026-03-11 23:00:01] 🦐 Heartbeat 自动执行 | 23:00 | 周3
[2026-03-11 23:00:01] ==========================================
[2026-03-11 23:00:01] ==========================================
[2026-03-11 23:00:01] ✅ Heartbeat 检查完成
[2026-03-11 23:00:01] ==========================================
[2026-03-12 00:00:01] ==========================================
[2026-03-12 00:00:01] 🦐 Heartbeat 自动执行 | 00:00 | 周4
[2026-03-12 00:00:01] ==========================================
[2026-03-12 00:00:01] ==========================================
[2026-03-12 00:00:01] ✅ Heartbeat 检查完成
[2026-03-12 00:00:01] ==========================================
[2026-03-12 01:00:01] ==========================================
[2026-03-12 01:00:01] 🦐 Heartbeat 自动执行 | 01:00 | 周4
[2026-03-12 01:00:01] ==========================================
[2026-03-12 01:00:01] ==========================================
[2026-03-12 01:00:01] ✅ Heartbeat 检查完成
[2026-03-12 01:00:01] ==========================================
[2026-03-12 02:00:01] ==========================================
[2026-03-12 02:00:01] 🦐 Heartbeat 自动执行 | 02:00 | 周4
[2026-03-12 02:00:01] ==========================================
[2026-03-12 02:00:01] ==========================================
[2026-03-12 02:00:01] ✅ Heartbeat 检查完成
[2026-03-12 02:00:01] ==========================================
[2026-03-12 03:00:01] ==========================================
[2026-03-12 03:00:01] 🦐 Heartbeat 自动执行 | 03:00 | 周4
[2026-03-12 03:00:01] ==========================================
[2026-03-12 03:00:01] ==========================================
[2026-03-12 03:00:01] ✅ Heartbeat 检查完成
[2026-03-12 03:00:01] ==========================================
[2026-03-12 04:00:01] ==========================================
[2026-03-12 04:00:02] 🦐 Heartbeat 自动执行 | 04:00 | 周4
[2026-03-12 04:00:02] ==========================================
[2026-03-12 04:00:02] ==========================================
[2026-03-12 04:00:02] ✅ Heartbeat 检查完成
[2026-03-12 04:00:02] ==========================================
[2026-03-12 05:00:01] ==========================================
[2026-03-12 05:00:01] 🦐 Heartbeat 自动执行 | 05:00 | 周4
[2026-03-12 05:00:01] ==========================================
[2026-03-12 05:00:01] ==========================================
[2026-03-12 05:00:01] ✅ Heartbeat 检查完成
[2026-03-12 05:00:01] ==========================================
[2026-03-12 06:00:01] ==========================================
[2026-03-12 06:00:01] 🦐 Heartbeat 自动执行 | 06:00 | 周4
[2026-03-12 06:00:01] ==========================================
[2026-03-12 06:00:01] ==========================================
[2026-03-12 06:00:01] ✅ Heartbeat 检查完成
[2026-03-12 06:00:01] ==========================================
[2026-03-12 07:00:01] ==========================================
[2026-03-12 07:00:01] 🦐 Heartbeat 自动执行 | 07:00 | 周4
[2026-03-12 07:00:01] ==========================================
[2026-03-12 07:00:01] 📈 执行财经日报生成
[2026-03-12 07:00:09] ✅ 财经日报完成
[2026-03-12 07:00:09] ==========================================
[2026-03-12 07:00:09] ✅ Heartbeat 检查完成
[2026-03-12 07:00:09] ==========================================
[2026-03-12 08:00:01] ==========================================
[2026-03-12 08:00:01] 🦐 Heartbeat 自动执行 | 08:00 | 周4
[2026-03-12 08:00:01] ==========================================
[2026-03-12 08:00:01] ==========================================
[2026-03-12 08:00:01] ✅ Heartbeat 检查完成
[2026-03-12 08:00:01] ==========================================
[2026-03-12 09:00:01] ==========================================
[2026-03-12 09:00:01] 🦐 Heartbeat 自动执行 | 09:00 | 周4
[2026-03-12 09:00:01] ==========================================
[2026-03-12 09:00:01] ==========================================
[2026-03-12 09:00:01] ✅ Heartbeat 检查完成
[2026-03-12 09:00:01] ==========================================
[2026-03-12 10:00:02] ==========================================
[2026-03-12 10:00:02] 🦐 Heartbeat 自动执行 | 10:00 | 周4
[2026-03-12 10:00:02] ==========================================
[2026-03-12 11:00:01] ==========================================
[2026-03-12 11:00:01] 🦐 Heartbeat 自动执行 | 11:00 | 周4
[2026-03-12 11:00:01] ==========================================
[2026-03-12 11:00:01] ==========================================
[2026-03-12 11:00:01] ✅ Heartbeat 检查完成
[2026-03-12 11:00:01] ==========================================
[2026-03-12 12:00:02] ==========================================
[2026-03-12 12:00:02] 🦐 Heartbeat 自动执行 | 12:00 | 周4
[2026-03-12 12:00:02] ==========================================
[2026-03-12 12:00:02] ==========================================
[2026-03-12 12:00:02] ✅ Heartbeat 检查完成
[2026-03-12 12:00:02] ==========================================
[2026-03-12 13:00:02] ==========================================
[2026-03-12 13:00:02] 🦐 Heartbeat 自动执行 | 13:00 | 周4
[2026-03-12 13:00:02] ==========================================
[2026-03-12 13:00:02] 📚 执行 RL 学习：paper
[2026-03-12 13:00:22] ✅ RL 学习完成：paper
[2026-03-12 13:00:22] ==========================================
[2026-03-12 13:00:23] ✅ Heartbeat 检查完成
[2026-03-12 13:00:23] ==========================================
[2026-03-12 14:00:01] ==========================================
[2026-03-12 14:00:01] 🦐 Heartbeat 自动执行 | 14:00 | 周4
[2026-03-12 14:00:01] ==========================================
[2026-03-12 14:00:01] 📚 执行 RL 学习：paper
[2026-03-12 14:00:18] ✅ RL 学习完成：paper
[2026-03-12 14:00:18] ==========================================
[2026-03-12 14:00:19] ✅ Heartbeat 检查完成
[2026-03-12 14:00:19] ==========================================
[2026-03-12 15:00:01] ==========================================
[2026-03-12 15:00:01] 🦐 Heartbeat 自动执行 | 15:00 | 周4
[2026-03-12 15:00:01] ==========================================
[2026-03-12 15:00:01] 📚 执行 RL 学习：paper
[2026-03-12 15:00:14] ✅ RL 学习完成：paper
[2026-03-12 15:00:14] ==========================================
[2026-03-12 15:00:14] ✅ Heartbeat 检查完成
[2026-03-12 15:00:14] ==========================================
[2026-03-12 16:00:01] ==========================================
[2026-03-12 16:00:01] 🦐 Heartbeat 自动执行 | 16:00 | 周4
[2026-03-12 16:00:01] ==========================================
[2026-03-12 16:00:01] ==========================================
[2026-03-12 16:00:01] ✅ Heartbeat 检查完成
[2026-03-12 16:00:01] ==========================================
[2026-03-12 17:00:01] ==========================================
[2026-03-12 17:00:01] 🦐 Heartbeat 自动执行 | 17:00 | 周4
[2026-03-12 17:00:01] ==========================================
[2026-03-12 17:00:01] ==========================================
[2026-03-12 17:00:01] ✅ Heartbeat 检查完成
[2026-03-12 17:00:01] ==========================================
[2026-03-12 18:00:01] ==========================================
[2026-03-12 18:00:01] 🦐 Heartbeat 自动执行 | 18:00 | 周4
[2026-03-12 18:00:01] ==========================================
[2026-03-12 18:00:01] ==========================================
[2026-03-12 18:00:01] ✅ Heartbeat 检查完成
[2026-03-12 18:00:01] ==========================================
[2026-03-12 19:00:01] ==========================================
[2026-03-12 19:00:01] 🦐 Heartbeat 自动执行 | 19:00 | 周4
[2026-03-12 19:00:01] ==========================================
[2026-03-12 19:00:01] 📚 执行 RL 学习：code
[2026-03-12 19:00:04] ✅ RL 学习完成：code
[2026-03-12 19:00:04] ==========================================
[2026-03-12 19:00:04] ✅ Heartbeat 检查完成
[2026-03-12 19:00:04] ==========================================
[2026-03-12 20:00:01] ==========================================
[2026-03-12 20:00:01] 🦐 Heartbeat 自动执行 | 20:00 | 周4
[2026-03-12 20:00:01] ==========================================
[2026-03-12 20:00:01] 📚 执行 RL 学习：code
[2026-03-12 20:00:03] ✅ RL 学习完成：code
[2026-03-12 20:00:03] ==========================================
[2026-03-12 20:00:04] ✅ Heartbeat 检查完成
[2026-03-12 20:00:04] ==========================================
[2026-03-12 21:00:01] ==========================================
[2026-03-12 21:00:01] 🦐 Heartbeat 自动执行 | 21:00 | 周4
[2026-03-12 21:00:01] ==========================================
[2026-03-12 21:00:01] 📚 执行 RL 学习：code
[2026-03-12 21:00:04] ✅ RL 学习完成：code
[2026-03-12 21:00:04] ==========================================
[2026-03-12 21:00:04] ✅ Heartbeat 检查完成
[2026-03-12 21:00:04] ==========================================
[2026-03-12 22:00:01] ==========================================
[2026-03-12 22:00:01] 🦐 Heartbeat 自动执行 | 22:00 | 周4
[2026-03-12 22:00:01] ==========================================
[2026-03-12 22:00:01] ==========================================
[2026-03-12 22:00:01] ✅ Heartbeat 检查完成
[2026-03-12 22:00:01] ==========================================
[2026-03-12 23:00:01] ==========================================
[2026-03-12 23:00:01] 🦐 Heartbeat 自动执行 | 23:00 | 周4
[2026-03-12 23:00:01] ==========================================
[2026-03-12 23:00:01] ==========================================
[2026-03-12 23:00:01] ✅ Heartbeat 检查完成
[2026-03-12 23:00:01] ==========================================
[2026-03-13 00:00:01] ==========================================
[2026-03-13 00:00:01] 🦐 Heartbeat 自动执行 | 00:00 | 周5
[2026-03-13 00:00:01] ==========================================
[2026-03-13 00:00:01] ==========================================
[2026-03-13 00:00:01] ✅ Heartbeat 检查完成
[2026-03-13 00:00:01] ==========================================
[2026-03-13 01:00:01] ==========================================
[2026-03-13 01:00:01] 🦐 Heartbeat 自动执行 | 01:00 | 周5
[2026-03-13 01:00:01] ==========================================
[2026-03-13 01:00:01] ==========================================
[2026-03-13 01:00:01] ✅ Heartbeat 检查完成
[2026-03-13 01:00:01] ==========================================
[2026-03-13 02:00:01] ==========================================
[2026-03-13 02:00:01] 🦐 Heartbeat 自动执行 | 02:00 | 周5
[2026-03-13 02:00:01] ==========================================
[2026-03-13 02:00:01] ==========================================
[2026-03-13 02:00:01] ✅ Heartbeat 检查完成
[2026-03-13 02:00:01] ==========================================
[2026-03-13 03:00:01] ==========================================
[2026-03-13 03:00:01] 🦐 Heartbeat 自动执行 | 03:00 | 周5
[2026-03-13 03:00:01] ==========================================
[2026-03-13 03:00:01] ==========================================
[2026-03-13 03:00:01] ✅ Heartbeat 检查完成
[2026-03-13 03:00:01] ==========================================
[2026-03-13 04:00:01] ==========================================
[2026-03-13 04:00:01] 🦐 Heartbeat 自动执行 | 04:00 | 周5
[2026-03-13 04:00:01] ==========================================
[2026-03-13 04:00:01] ==========================================
[2026-03-13 04:00:01] ✅ Heartbeat 检查完成
[2026-03-13 04:00:01] ==========================================
[2026-03-13 05:00:01] ==========================================
[2026-03-13 05:00:01] 🦐 Heartbeat 自动执行 | 05:00 | 周5
[2026-03-13 05:00:01] ==========================================
[2026-03-13 05:00:01] ==========================================
[2026-03-13 05:00:01] ✅ Heartbeat 检查完成
[2026-03-13 05:00:02] ==========================================
[2026-03-13 06:00:01] ==========================================
[2026-03-13 06:00:01] 🦐 Heartbeat 自动执行 | 06:00 | 周5
[2026-03-13 06:00:01] ==========================================
[2026-03-13 06:00:01] ==========================================
[2026-03-13 06:00:01] ✅ Heartbeat 检查完成
[2026-03-13 06:00:01] ==========================================
[2026-03-13 07:00:01] ==========================================
[2026-03-13 07:00:01] 🦐 Heartbeat 自动执行 | 07:00 | 周5
[2026-03-13 07:00:01] ==========================================
[2026-03-13 07:00:01] 📈 执行财经日报生成
[2026-03-13 07:00:06] ✅ 财经日报完成
[2026-03-13 07:00:06] ==========================================
[2026-03-13 07:00:06] ✅ Heartbeat 检查完成
[2026-03-13 07:00:06] ==========================================
[2026-03-13 08:00:01] ==========================================
[2026-03-13 08:00:01] 🦐 Heartbeat 自动执行 | 08:00 | 周5
[2026-03-13 08:00:01] ==========================================
[2026-03-13 08:00:01] ==========================================
[2026-03-13 08:00:01] ✅ Heartbeat 检查完成
[2026-03-13 08:00:01] ==========================================
[2026-03-13 09:00:01] ==========================================
[2026-03-13 09:00:01] 🦐 Heartbeat 自动执行 | 09:00 | 周5
[2026-03-13 09:00:01] ==========================================
[2026-03-13 09:00:01] ==========================================
[2026-03-13 09:00:01] ✅ Heartbeat 检查完成
[2026-03-13 09:00:01] ==========================================
[2026-03-13 10:00:01] ==========================================
[2026-03-13 10:00:01] 🦐 Heartbeat 自动执行 | 10:00 | 周5
[2026-03-13 10:00:01] ==========================================
[2026-03-13 11:00:01] ==========================================
[2026-03-13 11:00:01] 🦐 Heartbeat 自动执行 | 11:00 | 周5
[2026-03-13 11:00:01] ==========================================
[2026-03-13 11:00:01] ==========================================
[2026-03-13 11:00:01] ✅ Heartbeat 检查完成
[2026-03-13 11:00:01] ==========================================
[2026-03-13 12:00:01] ==========================================
[2026-03-13 12:00:01] 🦐 Heartbeat 自动执行 | 12:00 | 周5
[2026-03-13 12:00:01] ==========================================
[2026-03-13 12:00:01] ==========================================
[2026-03-13 12:00:01] ✅ Heartbeat 检查完成
[2026-03-13 12:00:01] ==========================================
[2026-03-13 13:00:01] ==========================================
[2026-03-13 13:00:01] 🦐 Heartbeat 自动执行 | 13:00 | 周5
[2026-03-13 13:00:01] ==========================================
[2026-03-13 13:00:01] 📚 执行 RL 学习：paper
[2026-03-13 13:00:14] ✅ RL 学习完成：paper
[2026-03-13 13:00:14] ==========================================
[2026-03-13 13:00:14] ✅ Heartbeat 检查完成
[2026-03-13 13:00:14] ==========================================
[2026-03-13 14:00:01] ==========================================
[2026-03-13 14:00:01] 🦐 Heartbeat 自动执行 | 14:00 | 周5
[2026-03-13 14:00:01] ==========================================
[2026-03-13 14:00:01] 📚 执行 RL 学习：paper
[2026-03-13 14:00:15] ✅ RL 学习完成：paper
[2026-03-13 14:00:15] ==========================================
[2026-03-13 14:00:15] ✅ Heartbeat 检查完成
[2026-03-13 14:00:15] ==========================================
[2026-03-13 15:00:02] ==========================================
[2026-03-13 15:00:02] 🦐 Heartbeat 自动执行 | 15:00 | 周5
[2026-03-13 15:00:02] ==========================================
[2026-03-13 15:00:02] 📚 执行 RL 学习：paper
[2026-03-13 15:00:13] ✅ RL 学习完成：paper
[2026-03-13 15:00:13] ==========================================
[2026-03-13 15:00:13] ✅ Heartbeat 检查完成
[2026-03-13 15:00:13] ==========================================
[2026-03-13 16:00:01] ==========================================
[2026-03-13 16:00:01] 🦐 Heartbeat 自动执行 | 16:00 | 周5
[2026-03-13 16:00:01] ==========================================
[2026-03-13 16:00:01] ==========================================
[2026-03-13 16:00:01] ✅ Heartbeat 检查完成
[2026-03-13 16:00:01] ==========================================
[2026-03-13 17:00:01] ==========================================
[2026-03-13 17:00:01] 🦐 Heartbeat 自动执行 | 17:00 | 周5
[2026-03-13 17:00:01] ==========================================
[2026-03-13 17:00:01] ==========================================
[2026-03-13 17:00:01] ✅ Heartbeat 检查完成
[2026-03-13 17:00:01] ==========================================
[2026-03-13 18:00:02] ==========================================
[2026-03-13 18:00:02] 🦐 Heartbeat 自动执行 | 18:00 | 周5
[2026-03-13 18:00:02] ==========================================
[2026-03-13 18:00:02] ==========================================
[2026-03-13 18:00:02] ✅ Heartbeat 检查完成
[2026-03-13 18:00:02] ==========================================
[2026-03-13 19:00:02] ==========================================
[2026-03-13 19:00:02] 🦐 Heartbeat 自动执行 | 19:00 | 周5
[2026-03-13 19:00:02] ==========================================
[2026-03-13 19:00:02] 📚 执行 RL 学习：code
[2026-03-13 19:00:04] ✅ RL 学习完成：code
[2026-03-13 19:00:04] ==========================================
[2026-03-13 19:00:04] ✅ Heartbeat 检查完成
[2026-03-13 19:00:04] ==========================================
[2026-03-13 20:00:01] ==========================================
[2026-03-13 20:00:01] 🦐 Heartbeat 自动执行 | 20:00 | 周5
[2026-03-13 20:00:01] ==========================================
[2026-03-13 20:00:01] 📚 执行 RL 学习：code
[2026-03-13 20:00:04] ✅ RL 学习完成：code
[2026-03-13 20:00:04] ==========================================
[2026-03-13 20:00:04] ✅ Heartbeat 检查完成
[2026-03-13 20:00:04] ==========================================
[2026-03-13 21:00:02] ==========================================
[2026-03-13 21:00:02] 🦐 Heartbeat 自动执行 | 21:00 | 周5
[2026-03-13 21:00:02] ==========================================
[2026-03-13 21:00:02] 📚 执行 RL 学习：code
[2026-03-13 21:00:04] ✅ RL 学习完成：code
[2026-03-13 21:00:04] ==========================================
[2026-03-13 21:00:04] ✅ Heartbeat 检查完成
[2026-03-13 21:00:04] ==========================================
[2026-03-13 22:00:01] ==========================================
[2026-03-13 22:00:01] 🦐 Heartbeat 自动执行 | 22:00 | 周5
[2026-03-13 22:00:01] ==========================================
[2026-03-13 22:00:01] ==========================================
[2026-03-13 22:00:01] ✅ Heartbeat 检查完成
[2026-03-13 22:00:01] ==========================================
[2026-03-13 23:00:01] ==========================================
[2026-03-13 23:00:01] 🦐 Heartbeat 自动执行 | 23:00 | 周5
[2026-03-13 23:00:01] ==========================================
[2026-03-13 23:00:01] ==========================================
[2026-03-13 23:00:01] ✅ Heartbeat 检查完成
[2026-03-13 23:00:01] ==========================================
[2026-03-14 00:00:01] ==========================================
[2026-03-14 00:00:01] 🦐 Heartbeat 自动执行 | 00:00 | 周6
[2026-03-14 00:00:01] ==========================================
[2026-03-14 00:00:01] ==========================================
[2026-03-14 00:00:01] ✅ Heartbeat 检查完成
[2026-03-14 00:00:01] ==========================================
[2026-03-14 01:00:01] ==========================================
[2026-03-14 01:00:01] 🦐 Heartbeat 自动执行 | 01:00 | 周6
[2026-03-14 01:00:01] ==========================================
[2026-03-14 01:00:01] ==========================================
[2026-03-14 01:00:01] ✅ Heartbeat 检查完成
[2026-03-14 01:00:01] ==========================================
[2026-03-14 02:00:01] ==========================================
[2026-03-14 02:00:01] 🦐 Heartbeat 自动执行 | 02:00 | 周6
[2026-03-14 02:00:01] ==========================================
[2026-03-14 02:00:01] ==========================================
[2026-03-14 02:00:01] ✅ Heartbeat 检查完成
[2026-03-14 02:00:01] ==========================================
[2026-03-14 03:00:01] ==========================================
[2026-03-14 03:00:01] 🦐 Heartbeat 自动执行 | 03:00 | 周6
[2026-03-14 03:00:01] ==========================================
[2026-03-14 03:00:01] ==========================================
[2026-03-14 03:00:01] ✅ Heartbeat 检查完成
[2026-03-14 03:00:01] ==========================================
[2026-03-14 04:00:01] ==========================================
[2026-03-14 04:00:01] 🦐 Heartbeat 自动执行 | 04:00 | 周6
[2026-03-14 04:00:01] ==========================================
[2026-03-14 04:00:01] ==========================================
[2026-03-14 04:00:01] ✅ Heartbeat 检查完成
[2026-03-14 04:00:01] ==========================================
[2026-03-14 05:00:02] ==========================================
[2026-03-14 05:00:02] 🦐 Heartbeat 自动执行 | 05:00 | 周6
[2026-03-14 05:00:02] ==========================================
[2026-03-14 05:00:02] ==========================================
[2026-03-14 05:00:02] ✅ Heartbeat 检查完成
[2026-03-14 05:00:02] ==========================================
[2026-03-14 06:00:02] ==========================================
[2026-03-14 06:00:02] 🦐 Heartbeat 自动执行 | 06:00 | 周6
[2026-03-14 06:00:02] ==========================================
[2026-03-14 06:00:02] ==========================================
[2026-03-14 06:00:02] ✅ Heartbeat 检查完成
[2026-03-14 06:00:02] ==========================================
[2026-03-14 07:00:02] ==========================================
[2026-03-14 07:00:02] 🦐 Heartbeat 自动执行 | 07:00 | 周6
[2026-03-14 07:00:02] ==========================================
[2026-03-14 07:00:02] ==========================================
[2026-03-14 07:00:02] ✅ Heartbeat 检查完成
[2026-03-14 07:00:02] ==========================================
[2026-03-14 08:00:02] ==========================================
[2026-03-14 08:00:02] 🦐 Heartbeat 自动执行 | 08:00 | 周6
[2026-03-14 08:00:02] ==========================================
[2026-03-14 08:00:02] ==========================================
[2026-03-14 08:00:02] ✅ Heartbeat 检查完成
[2026-03-14 08:00:02] ==========================================
[2026-03-14 09:00:01] ==========================================
[2026-03-14 09:00:01] 🦐 Heartbeat 自动执行 | 09:00 | 周6
[2026-03-14 09:00:01] ==========================================
[2026-03-14 09:00:01] ==========================================
[2026-03-14 09:00:01] ✅ Heartbeat 检查完成
[2026-03-14 09:00:02] ==========================================
[2026-03-14 10:00:01] ==========================================
[2026-03-14 10:00:01] 🦐 Heartbeat 自动执行 | 10:00 | 周6
[2026-03-14 10:00:01] ==========================================
[2026-03-14 11:00:01] ==========================================
[2026-03-14 11:00:01] 🦐 Heartbeat 自动执行 | 11:00 | 周6
[2026-03-14 11:00:01] ==========================================
[2026-03-14 11:00:01] ==========================================
[2026-03-14 11:00:01] ✅ Heartbeat 检查完成
[2026-03-14 11:00:01] ==========================================
[2026-03-14 12:00:02] ==========================================
[2026-03-14 12:00:02] 🦐 Heartbeat 自动执行 | 12:00 | 周6
[2026-03-14 12:00:02] ==========================================
[2026-03-14 12:00:02] ==========================================
[2026-03-14 12:00:02] ✅ Heartbeat 检查完成
[2026-03-14 12:00:02] ==========================================
[2026-03-14 13:00:02] ==========================================
[2026-03-14 13:00:02] 🦐 Heartbeat 自动执行 | 13:00 | 周6
[2026-03-14 13:00:02] ==========================================
[2026-03-14 13:00:02] 📚 执行 RL 学习：paper
[2026-03-14 13:00:14] ✅ RL 学习完成：paper
[2026-03-14 13:00:14] ==========================================
[2026-03-14 13:00:14] ✅ Heartbeat 检查完成
[2026-03-14 13:00:14] ==========================================
[2026-03-14 14:00:01] ==========================================
[2026-03-14 14:00:01] 🦐 Heartbeat 自动执行 | 14:00 | 周6
[2026-03-14 14:00:01] ==========================================
[2026-03-14 14:00:01] 📚 执行 RL 学习：paper
[2026-03-14 14:00:25] ✅ RL 学习完成：paper
[2026-03-14 14:00:25] ==========================================
[2026-03-14 14:00:25] ✅ Heartbeat 检查完成
[2026-03-14 14:00:25] ==========================================
[2026-03-14 15:00:02] ==========================================
[2026-03-14 15:00:02] 🦐 Heartbeat 自动执行 | 15:00 | 周6
[2026-03-14 15:00:02] ==========================================
[2026-03-14 15:00:02] 📚 执行 RL 学习：paper
[2026-03-14 15:00:24] ✅ RL 学习完成：paper
[2026-03-14 15:00:24] ==========================================
[2026-03-14 15:00:24] ✅ Heartbeat 检查完成
[2026-03-14 15:00:24] ==========================================
[2026-03-14 16:00:01] ==========================================
[2026-03-14 16:00:01] 🦐 Heartbeat 自动执行 | 16:00 | 周6
[2026-03-14 16:00:01] ==========================================
[2026-03-14 16:00:01] ==========================================
[2026-03-14 16:00:01] ✅ Heartbeat 检查完成
[2026-03-14 16:00:01] ==========================================
[2026-03-14 17:00:01] ==========================================
[2026-03-14 17:00:01] 🦐 Heartbeat 自动执行 | 17:00 | 周6
[2026-03-14 17:00:01] ==========================================
[2026-03-14 17:00:01] ==========================================
[2026-03-14 17:00:01] ✅ Heartbeat 检查完成
[2026-03-14 17:00:01] ==========================================
[2026-03-14 18:00:01] ==========================================
[2026-03-14 18:00:01] 🦐 Heartbeat 自动执行 | 18:00 | 周6
[2026-03-14 18:00:01] ==========================================
[2026-03-14 18:00:02] ==========================================
[2026-03-14 18:00:02] ✅ Heartbeat 检查完成
[2026-03-14 18:00:02] ==========================================
[2026-03-14 19:00:01] ==========================================
[2026-03-14 19:00:01] 🦐 Heartbeat 自动执行 | 19:00 | 周6
[2026-03-14 19:00:01] ==========================================
[2026-03-14 19:00:01] 📚 执行 RL 学习：code
[2026-03-14 19:00:05] ✅ RL 学习完成：code
[2026-03-14 19:00:05] ==========================================
[2026-03-14 19:00:05] ✅ Heartbeat 检查完成
[2026-03-14 19:00:05] ==========================================
[2026-03-14 20:00:01] ==========================================
[2026-03-14 20:00:01] 🦐 Heartbeat 自动执行 | 20:00 | 周6
[2026-03-14 20:00:01] ==========================================
[2026-03-14 20:00:01] 📚 执行 RL 学习：code
[2026-03-14 20:00:03] ✅ RL 学习完成：code
[2026-03-14 20:00:03] ==========================================
[2026-03-14 20:00:03] ✅ Heartbeat 检查完成
[2026-03-14 20:00:03] ==========================================
[2026-03-14 21:00:01] ==========================================
[2026-03-14 21:00:01] 🦐 Heartbeat 自动执行 | 21:00 | 周6
[2026-03-14 21:00:01] ==========================================
[2026-03-14 21:00:01] 📚 执行 RL 学习：code
[2026-03-14 21:00:05] ✅ RL 学习完成：code
[2026-03-14 21:00:05] ==========================================
[2026-03-14 21:00:05] ✅ Heartbeat 检查完成
[2026-03-14 21:00:05] ==========================================
[2026-03-14 22:00:01] ==========================================
[2026-03-14 22:00:01] 🦐 Heartbeat 自动执行 | 22:00 | 周6
[2026-03-14 22:00:01] ==========================================
[2026-03-14 22:00:01] ==========================================
[2026-03-14 22:00:01] ✅ Heartbeat 检查完成
[2026-03-14 22:00:01] ==========================================
[2026-03-14 23:00:01] ==========================================
[2026-03-14 23:00:01] 🦐 Heartbeat 自动执行 | 23:00 | 周6
[2026-03-14 23:00:01] ==========================================
[2026-03-14 23:00:01] ==========================================
[2026-03-14 23:00:01] ✅ Heartbeat 检查完成
[2026-03-14 23:00:01] ==========================================
[2026-03-15 00:00:01] ==========================================
[2026-03-15 00:00:01] 🦐 Heartbeat 自动执行 | 00:00 | 周7
[2026-03-15 00:00:01] ==========================================
[2026-03-15 00:00:01] ==========================================
[2026-03-15 00:00:02] ✅ Heartbeat 检查完成
[2026-03-15 00:00:02] ==========================================
[2026-03-15 01:00:01] ==========================================
[2026-03-15 01:00:01] 🦐 Heartbeat 自动执行 | 01:00 | 周7
[2026-03-15 01:00:01] ==========================================
[2026-03-15 01:00:01] ==========================================
[2026-03-15 01:00:01] ✅ Heartbeat 检查完成
[2026-03-15 01:00:01] ==========================================
[2026-03-15 02:00:01] ==========================================
[2026-03-15 02:00:01] 🦐 Heartbeat 自动执行 | 02:00 | 周7
[2026-03-15 02:00:01] ==========================================
[2026-03-15 02:00:01] ==========================================
[2026-03-15 02:00:01] ✅ Heartbeat 检查完成
[2026-03-15 02:00:01] ==========================================
[2026-03-15 03:00:01] ==========================================
[2026-03-15 03:00:01] 🦐 Heartbeat 自动执行 | 03:00 | 周7
[2026-03-15 03:00:01] ==========================================
[2026-03-15 03:00:01] ==========================================
[2026-03-15 03:00:01] ✅ Heartbeat 检查完成
[2026-03-15 03:00:01] ==========================================
[2026-03-15 04:00:01] ==========================================
[2026-03-15 04:00:01] 🦐 Heartbeat 自动执行 | 04:00 | 周7
[2026-03-15 04:00:01] ==========================================
[2026-03-15 04:00:01] ==========================================
[2026-03-15 04:00:01] ✅ Heartbeat 检查完成
[2026-03-15 04:00:01] ==========================================
[2026-03-15 05:00:01] ==========================================
[2026-03-15 05:00:01] 🦐 Heartbeat 自动执行 | 05:00 | 周7
[2026-03-15 05:00:01] ==========================================
[2026-03-15 05:00:01] ==========================================
[2026-03-15 05:00:01] ✅ Heartbeat 检查完成
[2026-03-15 05:00:01] ==========================================
[2026-03-15 06:00:01] ==========================================
[2026-03-15 06:00:01] 🦐 Heartbeat 自动执行 | 06:00 | 周7
[2026-03-15 06:00:01] ==========================================
[2026-03-15 06:00:01] ==========================================
[2026-03-15 06:00:01] ✅ Heartbeat 检查完成
[2026-03-15 06:00:01] ==========================================
[2026-03-15 07:00:01] ==========================================
[2026-03-15 07:00:01] 🦐 Heartbeat 自动执行 | 07:00 | 周7
[2026-03-15 07:00:01] ==========================================
[2026-03-15 07:00:01] ==========================================
[2026-03-15 07:00:01] ✅ Heartbeat 检查完成
[2026-03-15 07:00:01] ==========================================
[2026-03-15 08:00:02] ==========================================
[2026-03-15 08:00:02] 🦐 Heartbeat 自动执行 | 08:00 | 周7
[2026-03-15 08:00:02] ==========================================
[2026-03-15 08:00:02] ==========================================
[2026-03-15 08:00:02] ✅ Heartbeat 检查完成
[2026-03-15 08:00:02] ==========================================
[2026-03-15 09:00:01] ==========================================
[2026-03-15 09:00:02] 🦐 Heartbeat 自动执行 | 09:00 | 周7
[2026-03-15 09:00:02] ==========================================
[2026-03-15 09:00:02] ==========================================
[2026-03-15 09:00:02] ✅ Heartbeat 检查完成
[2026-03-15 09:00:02] ==========================================
[2026-03-15 10:00:01] ==========================================
[2026-03-15 10:00:01] 🦐 Heartbeat 自动执行 | 10:00 | 周7
[2026-03-15 10:00:01] ==========================================
[2026-03-15 11:00:01] ==========================================
[2026-03-15 11:00:01] 🦐 Heartbeat 自动执行 | 11:00 | 周7
[2026-03-15 11:00:01] ==========================================
[2026-03-15 11:00:01] 🧹 执行周日知识维护
[2026-03-15 11:00:01] 📝 知识维护需要手动确认（涉及索引更新）
[2026-03-15 11:00:01] ==========================================
[2026-03-15 11:00:01] ✅ Heartbeat 检查完成
[2026-03-15 11:00:01] ==========================================
[2026-03-15 12:00:01] ==========================================
[2026-03-15 12:00:01] 🦐 Heartbeat 自动执行 | 12:00 | 周7
[2026-03-15 12:00:01] ==========================================
[2026-03-15 12:00:01] 🧹 执行周日知识维护
[2026-03-15 12:00:01] 📝 知识维护需要手动确认（涉及索引更新）
[2026-03-15 12:00:01] ==========================================
[2026-03-15 12:00:01] ✅ Heartbeat 检查完成
[2026-03-15 12:00:01] ==========================================
[2026-03-15 13:00:01] ==========================================
[2026-03-15 13:00:01] 🦐 Heartbeat 自动执行 | 13:00 | 周7
[2026-03-15 13:00:01] ==========================================
[2026-03-15 13:00:01] 📚 执行 RL 学习：paper
[2026-03-15 13:00:08] ✅ RL 学习完成：paper
[2026-03-15 13:00:08] ==========================================
[2026-03-15 13:00:08] ✅ Heartbeat 检查完成
[2026-03-15 13:00:08] ==========================================
[2026-03-15 14:00:01] ==========================================
[2026-03-15 14:00:01] 🦐 Heartbeat 自动执行 | 14:00 | 周7
[2026-03-15 14:00:01] ==========================================
[2026-03-15 14:00:01] 📚 执行 RL 学习：paper
[2026-03-15 14:00:07] ✅ RL 学习完成：paper
[2026-03-15 14:00:07] ==========================================
[2026-03-15 14:00:07] ✅ Heartbeat 检查完成
[2026-03-15 14:00:07] ==========================================
[2026-03-15 15:00:01] ==========================================
[2026-03-15 15:00:01] 🦐 Heartbeat 自动执行 | 15:00 | 周7
[2026-03-15 15:00:01] ==========================================
[2026-03-15 15:00:01] 📚 执行 RL 学习：paper
[2026-03-15 15:00:18] ✅ RL 学习完成：paper
[2026-03-15 15:00:18] ==========================================
[2026-03-15 15:00:18] ✅ Heartbeat 检查完成
[2026-03-15 15:00:18] ==========================================
[2026-03-15 16:00:01] ==========================================
[2026-03-15 16:00:01] 🦐 Heartbeat 自动执行 | 16:00 | 周7
[2026-03-15 16:00:02] ==========================================
[2026-03-15 16:00:02] ==========================================
[2026-03-15 16:00:02] ✅ Heartbeat 检查完成
[2026-03-15 16:00:02] ==========================================
[2026-03-15 17:00:01] ==========================================
[2026-03-15 17:00:01] 🦐 Heartbeat 自动执行 | 17:00 | 周7
[2026-03-15 17:00:01] ==========================================
[2026-03-15 17:00:01] ==========================================
[2026-03-15 17:00:01] ✅ Heartbeat 检查完成
[2026-03-15 17:00:02] ==========================================
[2026-03-15 18:00:01] ==========================================
[2026-03-15 18:00:01] 🦐 Heartbeat 自动执行 | 18:00 | 周7
[2026-03-15 18:00:01] ==========================================
[2026-03-15 18:00:01] ==========================================
[2026-03-15 18:00:01] ✅ Heartbeat 检查完成
[2026-03-15 18:00:01] ==========================================
[2026-03-15 19:00:02] ==========================================
[2026-03-15 19:00:02] 🦐 Heartbeat 自动执行 | 19:00 | 周7
[2026-03-15 19:00:02] ==========================================
[2026-03-15 19:00:02] 📚 执行 RL 学习：code
[2026-03-15 19:00:04] ✅ RL 学习完成：code
[2026-03-15 19:00:04] ==========================================
[2026-03-15 19:00:04] ✅ Heartbeat 检查完成
[2026-03-15 19:00:04] ==========================================
[2026-03-15 20:00:02] ==========================================
[2026-03-15 20:00:02] 🦐 Heartbeat 自动执行 | 20:00 | 周7
[2026-03-15 20:00:02] ==========================================
[2026-03-15 20:00:02] 📚 执行 RL 学习：code
[2026-03-15 20:00:06] ✅ RL 学习完成：code
[2026-03-15 20:00:06] ==========================================
[2026-03-15 20:00:06] ✅ Heartbeat 检查完成
[2026-03-15 20:00:06] ==========================================
[2026-03-15 21:00:01] ==========================================
[2026-03-15 21:00:01] 🦐 Heartbeat 自动执行 | 21:00 | 周7
[2026-03-15 21:00:01] ==========================================
[2026-03-15 21:00:02] 📚 执行 RL 学习：code
[2026-03-15 21:00:04] ✅ RL 学习完成：code
[2026-03-15 21:00:04] ==========================================
[2026-03-15 21:00:04] ✅ Heartbeat 检查完成
[2026-03-15 21:00:04] ==========================================
[2026-03-15 22:00:01] ==========================================
[2026-03-15 22:00:01] 🦐 Heartbeat 自动执行 | 22:00 | 周7
[2026-03-15 22:00:01] ==========================================
[2026-03-15 22:00:01] ==========================================
[2026-03-15 22:00:01] ✅ Heartbeat 检查完成
[2026-03-15 22:00:01] ==========================================
[2026-03-15 23:00:02] ==========================================
[2026-03-15 23:00:02] 🦐 Heartbeat 自动执行 | 23:00 | 周7
[2026-03-15 23:00:02] ==========================================
[2026-03-15 23:00:02] ==========================================
[2026-03-15 23:00:02] ✅ Heartbeat 检查完成
[2026-03-15 23:00:02] ==========================================
[2026-03-16 00:00:01] ==========================================
[2026-03-16 00:00:01] 🦐 Heartbeat 自动执行 | 00:00 | 周1
[2026-03-16 00:00:01] ==========================================
[2026-03-16 00:00:01] ==========================================
[2026-03-16 00:00:01] ✅ Heartbeat 检查完成
[2026-03-16 00:00:01] ==========================================
[2026-03-16 01:00:01] ==========================================
[2026-03-16 01:00:01] 🦐 Heartbeat 自动执行 | 01:00 | 周1
[2026-03-16 01:00:01] ==========================================
[2026-03-16 01:00:01] ==========================================
[2026-03-16 01:00:01] ✅ Heartbeat 检查完成
[2026-03-16 01:00:01] ==========================================
[2026-03-16 02:00:01] ==========================================
[2026-03-16 02:00:01] 🦐 Heartbeat 自动执行 | 02:00 | 周1
[2026-03-16 02:00:01] ==========================================
[2026-03-16 02:00:01] ==========================================
[2026-03-16 02:00:01] ✅ Heartbeat 检查完成
[2026-03-16 02:00:01] ==========================================
[2026-03-16 03:00:01] ==========================================
[2026-03-16 03:00:01] 🦐 Heartbeat 自动执行 | 03:00 | 周1
[2026-03-16 03:00:01] ==========================================
[2026-03-16 03:00:01] ==========================================
[2026-03-16 03:00:01] ✅ Heartbeat 检查完成
[2026-03-16 03:00:01] ==========================================
[2026-03-16 04:00:01] ==========================================
[2026-03-16 04:00:01] 🦐 Heartbeat 自动执行 | 04:00 | 周1
[2026-03-16 04:00:01] ==========================================
[2026-03-16 04:00:01] ==========================================
[2026-03-16 04:00:01] ✅ Heartbeat 检查完成
[2026-03-16 04:00:01] ==========================================
[2026-03-16 05:00:01] ==========================================
[2026-03-16 05:00:01] 🦐 Heartbeat 自动执行 | 05:00 | 周1
[2026-03-16 05:00:01] ==========================================
[2026-03-16 05:00:01] ==========================================
[2026-03-16 05:00:01] ✅ Heartbeat 检查完成
[2026-03-16 05:00:01] ==========================================
[2026-03-16 06:00:02] ==========================================
[2026-03-16 06:00:02] 🦐 Heartbeat 自动执行 | 06:00 | 周1
[2026-03-16 06:00:02] ==========================================
[2026-03-16 06:00:02] ==========================================
[2026-03-16 06:00:02] ✅ Heartbeat 检查完成
[2026-03-16 06:00:02] ==========================================
[2026-03-16 07:00:01] ==========================================
[2026-03-16 07:00:01] 🦐 Heartbeat 自动执行 | 07:00 | 周1
[2026-03-16 07:00:01] ==========================================
[2026-03-16 07:00:01] 📈 执行财经日报生成
[2026-03-16 07:00:10] ✅ 财经日报完成
[2026-03-16 07:00:10] ==========================================
[2026-03-16 07:00:10] ✅ Heartbeat 检查完成
[2026-03-16 07:00:10] ==========================================
[2026-03-16 08:00:01] ==========================================
[2026-03-16 08:00:01] 🦐 Heartbeat 自动执行 | 08:00 | 周1
[2026-03-16 08:00:01] ==========================================
[2026-03-16 08:00:01] ==========================================
[2026-03-16 08:00:01] ✅ Heartbeat 检查完成
[2026-03-16 08:00:01] ==========================================
[2026-03-16 09:00:02] ==========================================
[2026-03-16 09:00:02] 🦐 Heartbeat 自动执行 | 09:00 | 周1
[2026-03-16 09:00:02] ==========================================
[2026-03-16 09:00:02] ==========================================
[2026-03-16 09:00:02] ✅ Heartbeat 检查完成
[2026-03-16 09:00:02] ==========================================
[2026-03-16 10:00:02] ==========================================
[2026-03-16 10:00:02] 🦐 Heartbeat 自动执行 | 10:00 | 周1
[2026-03-16 10:00:02] ==========================================
[2026-03-16 11:00:01] ==========================================
[2026-03-16 11:00:02] 🦐 Heartbeat 自动执行 | 11:00 | 周1
[2026-03-16 11:00:02] ==========================================
[2026-03-16 11:00:02] ==========================================
[2026-03-16 11:00:02] ✅ Heartbeat 检查完成
[2026-03-16 11:00:02] ==========================================
