[2026-03-08 14:00:01] ==========================================
[2026-03-08 14:00:01] 🦐 Heartbeat 自动执行 | 14:00 | 周7
[2026-03-08 14:00:01] ==========================================
[2026-03-08 14:00:01] 📚 执行 RL 学习：paper
🦐 小虾 RL 研究模块 | 启动时间：2026-03-08 14:00:01
📍 工作目录：/home/openclaw/.openclaw/workspace/obsidian-repo

📚 学习主题：paper
⏱️  预计时长：30 分钟

📖 开始论文阅读...

✅ 论文阅读模板已创建

📄 学习日志完成：/home/openclaw/.openclaw/workspace/obsidian-repo/knowledge/rl/study-log-2026-03-08.md

[main 0bd2a8c] 🤖 RL Study: paper (2026-03-08)
 1 file changed, 1 insertion(+), 1 deletion(-)
🔄 正在推送到 GitHub...
git@github.com: Permission denied (publickey).
fatal: 无法读取远程仓库。

请确认您有正确的访问权限并且仓库存在。
⚠️  Git 推送失败（可能网络问题）

================================
✅ RL 学习完成！
📄 日志：/home/openclaw/.openclaw/workspace/obsidian-repo/knowledge/rl/study-log-2026-03-08.md
📚 知识目录：/home/openclaw/.openclaw/workspace/obsidian-repo/knowledge/rl
================================
[2026-03-08 14:00:04] ✅ RL 学习完成：paper
[2026-03-08 14:00:04] ==========================================
[2026-03-08 14:00:04] ✅ Heartbeat 检查完成
[2026-03-08 14:00:04] ==========================================
[2026-03-08 15:00:01] ==========================================
[2026-03-08 15:00:01] 🦐 Heartbeat 自动执行 | 15:00 | 周7
[2026-03-08 15:00:01] ==========================================
[2026-03-08 15:00:01] 📚 执行 RL 学习：paper
🦐 小虾 RL 研究模块 | 启动时间：2026-03-08 15:00:01
📍 工作目录：/home/openclaw/.openclaw/workspace/obsidian-repo

📚 学习主题：paper
⏱️  预计时长：30 分钟

📖 开始论文阅读...

✅ 论文阅读模板已创建

📄 学习日志完成：/home/openclaw/.openclaw/workspace/obsidian-repo/knowledge/rl/study-log-2026-03-08.md

[main 46f3e06] 🤖 RL Study: paper (2026-03-08)
 1 file changed, 1 insertion(+), 1 deletion(-)
🔄 正在推送到 GitHub...
git@github.com: Permission denied (publickey).
fatal: 无法读取远程仓库。

请确认您有正确的访问权限并且仓库存在。
⚠️  Git 推送失败（可能网络问题）

================================
✅ RL 学习完成！
📄 日志：/home/openclaw/.openclaw/workspace/obsidian-repo/knowledge/rl/study-log-2026-03-08.md
📚 知识目录：/home/openclaw/.openclaw/workspace/obsidian-repo/knowledge/rl
================================
[2026-03-08 15:00:04] ✅ RL 学习完成：paper
[2026-03-08 15:00:04] ==========================================
[2026-03-08 15:00:04] ✅ Heartbeat 检查完成
[2026-03-08 15:00:04] ==========================================
[2026-03-08 16:00:01] ==========================================
[2026-03-08 16:00:01] 🦐 Heartbeat 自动执行 | 16:00 | 周7
[2026-03-08 16:00:01] ==========================================
[2026-03-08 16:00:01] ==========================================
[2026-03-08 16:00:02] ✅ Heartbeat 检查完成
[2026-03-08 16:00:02] ==========================================
[2026-03-08 17:00:02] ==========================================
[2026-03-08 17:00:02] 🦐 Heartbeat 自动执行 | 17:00 | 周7
[2026-03-08 17:00:02] ==========================================
[2026-03-08 17:00:02] ==========================================
[2026-03-08 17:00:02] ✅ Heartbeat 检查完成
[2026-03-08 17:00:02] ==========================================
[2026-03-08 18:00:02] ==========================================
[2026-03-08 18:00:02] 🦐 Heartbeat 自动执行 | 18:00 | 周7
[2026-03-08 18:00:02] ==========================================
[2026-03-08 18:00:02] ==========================================
[2026-03-08 18:00:02] ✅ Heartbeat 检查完成
[2026-03-08 18:00:02] ==========================================
[2026-03-08 19:00:01] ==========================================
[2026-03-08 19:00:02] 🦐 Heartbeat 自动执行 | 19:00 | 周7
[2026-03-08 19:00:02] ==========================================
[2026-03-08 19:00:02] 📚 执行 RL 学习：code
✅ 代理已启用 (mihomo-agent) | 飞书/国内服务走直连
🦐 小虾 RL 研究模块 | 启动时间：2026-03-08 19:00:02
📍 工作目录：/home/openclaw/.openclaw/workspace/obsidian-repo

📚 学习主题：code
⏱️  预计时长：30 分钟

📖 开始通用 RL 学习...

📄 学习日志完成：/home/openclaw/.openclaw/workspace/obsidian-repo/knowledge/rl/study-log-2026-03-08.md

[main a3db662] 🤖 RL Study: code (2026-03-08)
 2 files changed, 85 insertions(+), 34 deletions(-)
🔄 正在推送到 GitHub...
git@github.com: Permission denied (publickey).
fatal: 无法读取远程仓库。

请确认您有正确的访问权限并且仓库存在。
⚠️  Git 推送失败（可能网络问题）

================================
✅ RL 学习完成！
📄 日志：/home/openclaw/.openclaw/workspace/obsidian-repo/knowledge/rl/study-log-2026-03-08.md
📚 知识目录：/home/openclaw/.openclaw/workspace/obsidian-repo/knowledge/rl
================================
[2026-03-08 19:00:06] ✅ RL 学习完成：code
[2026-03-08 19:00:06] ==========================================
[2026-03-08 19:00:06] ✅ Heartbeat 检查完成
[2026-03-08 19:00:06] ==========================================
[2026-03-08 20:00:01] ==========================================
[2026-03-08 20:00:01] 🦐 Heartbeat 自动执行 | 20:00 | 周7
[2026-03-08 20:00:01] ==========================================
[2026-03-08 20:00:01] 📚 执行 RL 学习：code
✅ 代理已启用 (mihomo-agent) | 飞书/国内服务走直连
🦐 小虾 RL 研究模块 | 启动时间：2026-03-08 20:00:01
📍 工作目录：/home/openclaw/.openclaw/workspace/obsidian-repo

📚 学习主题：code
⏱️  预计时长：30 分钟

📖 开始通用 RL 学习...

📄 学习日志完成：/home/openclaw/.openclaw/workspace/obsidian-repo/knowledge/rl/study-log-2026-03-08.md

[main 6f17c70] 🤖 RL Study: code (2026-03-08)
 1 file changed, 1 insertion(+), 1 deletion(-)
🔄 正在推送到 GitHub...
git@github.com: Permission denied (publickey).
fatal: 无法读取远程仓库。

请确认您有正确的访问权限并且仓库存在。
⚠️  Git 推送失败（可能网络问题）

================================
✅ RL 学习完成！
📄 日志：/home/openclaw/.openclaw/workspace/obsidian-repo/knowledge/rl/study-log-2026-03-08.md
📚 知识目录：/home/openclaw/.openclaw/workspace/obsidian-repo/knowledge/rl
================================
[2026-03-08 20:00:03] ✅ RL 学习完成：code
[2026-03-08 20:00:03] ==========================================
[2026-03-08 20:00:03] ✅ Heartbeat 检查完成
[2026-03-08 20:00:03] ==========================================
[2026-03-08 21:00:02] ==========================================
[2026-03-08 21:00:02] 🦐 Heartbeat 自动执行 | 21:00 | 周7
[2026-03-08 21:00:02] ==========================================
[2026-03-08 21:00:02] 📚 执行 RL 学习：code
✅ 代理已启用 (mihomo-agent) | 飞书/国内服务走直连
🦐 小虾 RL 研究模块 | 启动时间：2026-03-08 21:00:02
📍 工作目录：/home/openclaw/.openclaw/workspace/obsidian-repo

📚 学习主题：code
⏱️  预计时长：30 分钟

📖 开始通用 RL 学习...

📄 学习日志完成：/home/openclaw/.openclaw/workspace/obsidian-repo/knowledge/rl/study-log-2026-03-08.md

[main b1e99fb] 🤖 RL Study: code (2026-03-08)
 1 file changed, 1 insertion(+), 1 deletion(-)
🔄 正在推送到 GitHub...
git@github.com: Permission denied (publickey).
fatal: 无法读取远程仓库。

请确认您有正确的访问权限并且仓库存在。
⚠️  Git 推送失败（可能网络问题）

================================
✅ RL 学习完成！
📄 日志：/home/openclaw/.openclaw/workspace/obsidian-repo/knowledge/rl/study-log-2026-03-08.md
📚 知识目录：/home/openclaw/.openclaw/workspace/obsidian-repo/knowledge/rl
================================
[2026-03-08 21:00:07] ✅ RL 学习完成：code
[2026-03-08 21:00:07] ==========================================
[2026-03-08 21:00:07] ✅ Heartbeat 检查完成
[2026-03-08 21:00:07] ==========================================
[2026-03-08 22:00:02] ==========================================
[2026-03-08 22:00:02] 🦐 Heartbeat 自动执行 | 22:00 | 周7
[2026-03-08 22:00:02] ==========================================
[2026-03-08 22:00:02] ==========================================
[2026-03-08 22:00:02] ✅ Heartbeat 检查完成
[2026-03-08 22:00:02] ==========================================
[2026-03-08 23:00:02] ==========================================
[2026-03-08 23:00:02] 🦐 Heartbeat 自动执行 | 23:00 | 周7
[2026-03-08 23:00:02] ==========================================
[2026-03-08 23:00:02] ==========================================
[2026-03-08 23:00:02] ✅ Heartbeat 检查完成
[2026-03-08 23:00:02] ==========================================
[2026-03-09 00:00:01] ==========================================
[2026-03-09 00:00:01] 🦐 Heartbeat 自动执行 | 00:00 | 周1
[2026-03-09 00:00:01] ==========================================
[2026-03-09 00:00:01] ==========================================
[2026-03-09 00:00:01] ✅ Heartbeat 检查完成
[2026-03-09 00:00:01] ==========================================
[2026-03-09 01:00:01] ==========================================
[2026-03-09 01:00:01] 🦐 Heartbeat 自动执行 | 01:00 | 周1
[2026-03-09 01:00:01] ==========================================
[2026-03-09 01:00:01] ==========================================
[2026-03-09 01:00:01] ✅ Heartbeat 检查完成
[2026-03-09 01:00:01] ==========================================
[2026-03-09 02:00:02] ==========================================
[2026-03-09 02:00:02] 🦐 Heartbeat 自动执行 | 02:00 | 周1
[2026-03-09 02:00:02] ==========================================
[2026-03-09 02:00:02] ==========================================
[2026-03-09 02:00:02] ✅ Heartbeat 检查完成
[2026-03-09 02:00:02] ==========================================
[2026-03-09 03:00:01] ==========================================
[2026-03-09 03:00:01] 🦐 Heartbeat 自动执行 | 03:00 | 周1
[2026-03-09 03:00:01] ==========================================
[2026-03-09 03:00:01] ==========================================
[2026-03-09 03:00:01] ✅ Heartbeat 检查完成
[2026-03-09 03:00:01] ==========================================
[2026-03-09 04:00:01] ==========================================
[2026-03-09 04:00:01] 🦐 Heartbeat 自动执行 | 04:00 | 周1
[2026-03-09 04:00:01] ==========================================
[2026-03-09 04:00:01] ==========================================
[2026-03-09 04:00:01] ✅ Heartbeat 检查完成
[2026-03-09 04:00:01] ==========================================
[2026-03-09 05:00:01] ==========================================
[2026-03-09 05:00:01] 🦐 Heartbeat 自动执行 | 05:00 | 周1
[2026-03-09 05:00:01] ==========================================
[2026-03-09 05:00:01] ==========================================
[2026-03-09 05:00:01] ✅ Heartbeat 检查完成
[2026-03-09 05:00:01] ==========================================
[2026-03-09 06:00:01] ==========================================
[2026-03-09 06:00:01] 🦐 Heartbeat 自动执行 | 06:00 | 周1
[2026-03-09 06:00:01] ==========================================
[2026-03-09 06:00:01] ==========================================
[2026-03-09 06:00:02] ✅ Heartbeat 检查完成
[2026-03-09 06:00:02] ==========================================
[2026-03-09 07:00:01] ==========================================
[2026-03-09 07:00:01] 🦐 Heartbeat 自动执行 | 07:00 | 周1
[2026-03-09 07:00:01] ==========================================
[2026-03-09 07:00:01] 📈 执行财经日报生成
[07:00:01] 🦐 小虾财经日报 | 生成日期：2026-03-09
[07:00:01] 📍 输出位置：/home/openclaw/.openclaw/workspace/obsidian-repo/daily/financial-news/2026-03-09.md
[07:00:01] 📊 获取 A 股行情数据...
[07:00:02] 📰 搜索重大新闻...
[07:00:08] ✅ 财经日报生成完成！
[07:00:08] 📄 文件：/home/openclaw/.openclaw/workspace/obsidian-repo/daily/financial-news/2026-03-09.md
[07:00:08] 📊 行数：262

✅ 财经日报生成完成！
📄 文件：/home/openclaw/.openclaw/workspace/obsidian-repo/daily/financial-news/2026-03-09.md
📊 统计：262 行
[2026-03-09 07:00:08] ✅ 财经日报完成
[2026-03-09 07:00:08] ==========================================
[2026-03-09 07:00:08] ✅ Heartbeat 检查完成
[2026-03-09 07:00:08] ==========================================
[2026-03-09 08:00:01] ==========================================
[2026-03-09 08:00:01] 🦐 Heartbeat 自动执行 | 08:00 | 周1
[2026-03-09 08:00:01] ==========================================
./heartbeat-exec.sh: 行 60: 08: 值对于底数而言过大（错误记号是 "08"）
./heartbeat-exec.sh: 行 60: 08: 值对于底数而言过大（错误记号是 "08"）
./heartbeat-exec.sh: 行 60: 08: 值对于底数而言过大（错误记号是 "08"）
./heartbeat-exec.sh: 行 60: 08: 值对于底数而言过大（错误记号是 "08"）
[2026-03-09 08:00:01] ==========================================
[2026-03-09 08:00:01] ✅ Heartbeat 检查完成
[2026-03-09 08:00:01] ==========================================
[2026-03-09 09:00:01] ==========================================
[2026-03-09 09:00:01] 🦐 Heartbeat 自动执行 | 09:00 | 周1
[2026-03-09 09:00:01] ==========================================
./heartbeat-exec.sh: 行 60: 09: 值对于底数而言过大（错误记号是 "09"）
./heartbeat-exec.sh: 行 60: 09: 值对于底数而言过大（错误记号是 "09"）
./heartbeat-exec.sh: 行 60: 09: 值对于底数而言过大（错误记号是 "09"）
./heartbeat-exec.sh: 行 60: 09: 值对于底数而言过大（错误记号是 "09"）
[2026-03-09 09:00:01] ==========================================
[2026-03-09 09:00:01] ✅ Heartbeat 检查完成
[2026-03-09 09:00:01] ==========================================
[2026-03-09 10:00:01] ==========================================
[2026-03-09 10:00:01] 🦐 Heartbeat 自动执行 | 10:00 | 周1
[2026-03-09 10:00:01] ==========================================
./heartbeat-exec.sh: 第 97 行： local: 只能在函数中使用
[2026-03-09 11:00:01] ==========================================
[2026-03-09 11:00:01] 🦐 Heartbeat 自动执行 | 11:00 | 周1
[2026-03-09 11:00:01] ==========================================
[2026-03-09 11:00:01] ==========================================
[2026-03-09 11:00:01] ✅ Heartbeat 检查完成
[2026-03-09 11:00:01] ==========================================
[2026-03-09 12:00:02] ==========================================
[2026-03-09 12:00:02] 🦐 Heartbeat 自动执行 | 12:00 | 周1
[2026-03-09 12:00:02] ==========================================
[2026-03-09 12:00:02] ==========================================
[2026-03-09 12:00:02] ✅ Heartbeat 检查完成
[2026-03-09 12:00:02] ==========================================
[2026-03-09 13:00:01] ==========================================
[2026-03-09 13:00:01] 🦐 Heartbeat 自动执行 | 13:00 | 周1
[2026-03-09 13:00:01] ==========================================
[2026-03-09 13:00:01] 📚 执行 RL 学习：paper
✅ 代理已启用 (mihomo-agent) | 飞书/国内服务走直连
🦐 小虾 RL 研究模块 | 启动时间：2026-03-09 13:00:02
📍 工作目录：/home/openclaw/.openclaw/workspace/obsidian-repo

📚 学习主题：paper
⏱️  预计时长：30 分钟

📖 开始论文阅读...

🔍 搜索 RL 前沿论文...
✅ 找到相关论文链接
   - [0;34m[INFO][0m 搜索：reinforcement learning 2025 2026 paper arxiv
   - https://maps.google.com/maps?q=reinforcement%20learning%202025%202026%20paper%20arxiv&amp;tbs=&amp;safe=off
   - https://www.arxiv.org/abs/2602.08377
   - https://arxiv.org/abs/2510.01265
   - https://huggingface.co/papers/2602.04879

✅ 论文阅读模板已创建

📄 学习日志完成：/home/openclaw/.openclaw/workspace/obsidian-repo/knowledge/rl/study-log-2026-03-09.md

[main 8872e99] 🤖 RL Study: paper (2026-03-09)
 1 file changed, 2 insertions(+), 16 deletions(-)
🔄 正在推送到 GitHub...
git@github.com: Permission denied (publickey).
fatal: 无法读取远程仓库。

请确认您有正确的访问权限并且仓库存在。
⚠️  Git 推送失败（可能网络问题）

================================
✅ RL 学习完成！
📄 日志：/home/openclaw/.openclaw/workspace/obsidian-repo/knowledge/rl/study-log-2026-03-09.md
📚 知识目录：/home/openclaw/.openclaw/workspace/obsidian-repo/knowledge/rl
================================
[2026-03-09 13:00:09] ✅ RL 学习完成：paper
[2026-03-09 13:00:09] ==========================================
[2026-03-09 13:00:09] ✅ Heartbeat 检查完成
[2026-03-09 13:00:09] ==========================================
[2026-03-09 14:00:01] ==========================================
[2026-03-09 14:00:01] 🦐 Heartbeat 自动执行 | 14:00 | 周1
[2026-03-09 14:00:01] ==========================================
[2026-03-09 14:00:01] 📚 执行 RL 学习：paper
✅ 代理已启用 (mihomo-agent) | 飞书/国内服务走直连
🦐 小虾 RL 研究模块 | 启动时间：2026-03-09 14:00:02
📍 工作目录：/home/openclaw/.openclaw/workspace/obsidian-repo

📚 学习主题：paper
⏱️  预计时长：30 分钟

📖 开始论文阅读...

🔍 搜索 RL 前沿论文...
✅ 找到相关论文链接
   - [0;34m[INFO][0m 搜索：reinforcement learning 2025 2026 paper arxiv
   - https://farside.link
   - https://github.com/benbusby/whoogle-search
   - https://farside.link/whoogle/search?q=reinforcement learning 2025 2026 paper arxiv&amp;preferences=uG0ICQBwHdkz4lRAqg96s2WZ7_e_9OVyTWIkb6oiI1EM8n5hUSYAMnrMB-E0rUqiKjrcDprk1kFiFEEQ412x3k17KHzwxRDbHsKqSxSAbtLCBd3Z5ISsgaXgfcNg7zA32A6jSp-8wO2-0nMPcYEQj4-FKAiD8RMLiCQNAIGg3GQLRUfwdJhgauPjVsoFQDu8oVLASTqVmOFexSgXE53WqGd2-Svi-d31Y0ipMFDojm-r41CJRTanFp9O8WRupIiWfv8S7SruFcWusb49UyhrK4-g0r_KT0KnIM3HwPvoH
   - https://github.com/searxng/searxng

✅ 论文阅读模板已创建

📄 学习日志完成：/home/openclaw/.openclaw/workspace/obsidian-repo/knowledge/rl/study-log-2026-03-09.md

[main 717ff9a] 🤖 RL Study: paper (2026-03-09)
 1 file changed, 1 insertion(+), 1 deletion(-)
🔄 正在推送到 GitHub...
git@github.com: Permission denied (publickey).
fatal: 无法读取远程仓库。

请确认您有正确的访问权限并且仓库存在。
⚠️  Git 推送失败（可能网络问题）

================================
✅ RL 学习完成！
📄 日志：/home/openclaw/.openclaw/workspace/obsidian-repo/knowledge/rl/study-log-2026-03-09.md
📚 知识目录：/home/openclaw/.openclaw/workspace/obsidian-repo/knowledge/rl
================================
[2026-03-09 14:00:20] ✅ RL 学习完成：paper
[2026-03-09 14:00:20] ==========================================
[2026-03-09 14:00:20] ✅ Heartbeat 检查完成
[2026-03-09 14:00:20] ==========================================
[2026-03-09 15:00:01] ==========================================
[2026-03-09 15:00:01] 🦐 Heartbeat 自动执行 | 15:00 | 周1
[2026-03-09 15:00:01] ==========================================
[2026-03-09 15:00:01] 📚 执行 RL 学习：paper
✅ 代理已启用 (mihomo-agent) | 飞书/国内服务走直连
🦐 小虾 RL 研究模块 | 启动时间：2026-03-09 15:00:01
📍 工作目录：/home/openclaw/.openclaw/workspace/obsidian-repo

📚 学习主题：paper
⏱️  预计时长：30 分钟

📖 开始论文阅读...

🔍 搜索 RL 前沿论文...
✅ 找到相关论文链接
   - [0;34m[INFO][0m 搜索：reinforcement learning 2025 2026 paper arxiv
   - https://farside.link
   - https://github.com/benbusby/whoogle-search
   - https://farside.link/whoogle/search?q=reinforcement learning 2025 2026 paper arxiv&amp;preferences=uG0ICQBwHdkz4lRAqg96s2WZ7_e_9OVyTWIkb6oiI1EM8n5hUSYAMnrMB-E0rUqiKjrcDprk1kFiFEEQ412x3k17KHzwxRDbHsKqSxSAbtLCBd3Z5ISsgaXgfcNg7zA32A6jSp-8wO2-0nMPcYEQj4-FKAiD8RMLiCQNAIGg3GQLRUfwdJhgauPjVsoFQDu8oVLASTqVmOFexSgXE53WqGd2-Svi-d31Y0ipMFDojm-r41CJRTanFp9O8WRupIiWfv8S7SruFcWusb49UyhrK4-g0r_KT0KnIM3HwPvoH
   - https://github.com/searxng/searxng

✅ 论文阅读模板已创建

📄 学习日志完成：/home/openclaw/.openclaw/workspace/obsidian-repo/knowledge/rl/study-log-2026-03-09.md

[main a608f98] 🤖 RL Study: paper (2026-03-09)
 1 file changed, 1 insertion(+), 1 deletion(-)
🔄 正在推送到 GitHub...
git@github.com: Permission denied (publickey).
fatal: 无法读取远程仓库。

请确认您有正确的访问权限并且仓库存在。
⚠️  Git 推送失败（可能网络问题）

================================
✅ RL 学习完成！
📄 日志：/home/openclaw/.openclaw/workspace/obsidian-repo/knowledge/rl/study-log-2026-03-09.md
📚 知识目录：/home/openclaw/.openclaw/workspace/obsidian-repo/knowledge/rl
================================
[2026-03-09 15:00:19] ✅ RL 学习完成：paper
[2026-03-09 15:00:19] ==========================================
[2026-03-09 15:00:19] ✅ Heartbeat 检查完成
[2026-03-09 15:00:19] ==========================================
[2026-03-09 16:00:01] ==========================================
[2026-03-09 16:00:01] 🦐 Heartbeat 自动执行 | 16:00 | 周1
[2026-03-09 16:00:01] ==========================================
[2026-03-09 16:00:01] ==========================================
[2026-03-09 16:00:01] ✅ Heartbeat 检查完成
[2026-03-09 16:00:01] ==========================================
[2026-03-09 17:00:01] ==========================================
[2026-03-09 17:00:01] 🦐 Heartbeat 自动执行 | 17:00 | 周1
[2026-03-09 17:00:01] ==========================================
[2026-03-09 17:00:01] ==========================================
[2026-03-09 17:00:01] ✅ Heartbeat 检查完成
[2026-03-09 17:00:01] ==========================================
[2026-03-09 18:00:02] ==========================================
[2026-03-09 18:00:02] 🦐 Heartbeat 自动执行 | 18:00 | 周1
[2026-03-09 18:00:02] ==========================================
[2026-03-09 18:00:02] ==========================================
[2026-03-09 18:00:02] ✅ Heartbeat 检查完成
[2026-03-09 18:00:02] ==========================================
[2026-03-09 19:00:01] ==========================================
[2026-03-09 19:00:01] 🦐 Heartbeat 自动执行 | 19:00 | 周1
[2026-03-09 19:00:01] ==========================================
[2026-03-09 19:00:01] 📚 执行 RL 学习：code
✅ 代理已启用 (mihomo-agent) | 飞书/国内服务走直连
🦐 小虾 RL 研究模块 | 启动时间：2026-03-09 19:00:01
📍 工作目录：/home/openclaw/.openclaw/workspace/obsidian-repo

📚 学习主题：code
⏱️  预计时长：30 分钟

📖 开始通用 RL 学习...

📄 学习日志完成：/home/openclaw/.openclaw/workspace/obsidian-repo/knowledge/rl/study-log-2026-03-09.md

[main 995f1ce] 🤖 RL Study: code (2026-03-09)
 1 file changed, 2 insertions(+), 2 deletions(-)
🔄 正在推送到 GitHub...
git@github.com: Permission denied (publickey).
fatal: 无法读取远程仓库。

请确认您有正确的访问权限并且仓库存在。
⚠️  Git 推送失败（可能网络问题）

================================
✅ RL 学习完成！
📄 日志：/home/openclaw/.openclaw/workspace/obsidian-repo/knowledge/rl/study-log-2026-03-09.md
📚 知识目录：/home/openclaw/.openclaw/workspace/obsidian-repo/knowledge/rl
================================
[2026-03-09 19:00:06] ✅ RL 学习完成：code
[2026-03-09 19:00:06] ==========================================
[2026-03-09 19:00:06] ✅ Heartbeat 检查完成
[2026-03-09 19:00:06] ==========================================
[2026-03-09 20:00:01] ==========================================
[2026-03-09 20:00:01] 🦐 Heartbeat 自动执行 | 20:00 | 周1
[2026-03-09 20:00:01] ==========================================
[2026-03-09 20:00:01] 📚 执行 RL 学习：code
✅ 代理已启用 (mihomo-agent) | 飞书/国内服务走直连
🦐 小虾 RL 研究模块 | 启动时间：2026-03-09 20:00:01
📍 工作目录：/home/openclaw/.openclaw/workspace/obsidian-repo

📚 学习主题：code
⏱️  预计时长：30 分钟

📖 开始通用 RL 学习...

📄 学习日志完成：/home/openclaw/.openclaw/workspace/obsidian-repo/knowledge/rl/study-log-2026-03-09.md

[main 2729f7d] 🤖 RL Study: code (2026-03-09)
 1 file changed, 1 insertion(+), 1 deletion(-)
🔄 正在推送到 GitHub...
git@github.com: Permission denied (publickey).
fatal: 无法读取远程仓库。

请确认您有正确的访问权限并且仓库存在。
⚠️  Git 推送失败（可能网络问题）

================================
✅ RL 学习完成！
📄 日志：/home/openclaw/.openclaw/workspace/obsidian-repo/knowledge/rl/study-log-2026-03-09.md
📚 知识目录：/home/openclaw/.openclaw/workspace/obsidian-repo/knowledge/rl
================================
[2026-03-09 20:00:05] ✅ RL 学习完成：code
[2026-03-09 20:00:05] ==========================================
[2026-03-09 20:00:05] ✅ Heartbeat 检查完成
[2026-03-09 20:00:05] ==========================================
[2026-03-09 21:00:01] ==========================================
[2026-03-09 21:00:01] 🦐 Heartbeat 自动执行 | 21:00 | 周1
[2026-03-09 21:00:01] ==========================================
[2026-03-09 21:00:01] 📚 执行 RL 学习：code
✅ 代理已启用 (mihomo-agent) | 飞书/国内服务走直连
🦐 小虾 RL 研究模块 | 启动时间：2026-03-09 21:00:01
📍 工作目录：/home/openclaw/.openclaw/workspace/obsidian-repo

📚 学习主题：code
⏱️  预计时长：30 分钟

📖 开始通用 RL 学习...

📄 学习日志完成：/home/openclaw/.openclaw/workspace/obsidian-repo/knowledge/rl/study-log-2026-03-09.md

[main 8e9830a] 🤖 RL Study: code (2026-03-09)
 1 file changed, 1 insertion(+), 1 deletion(-)
🔄 正在推送到 GitHub...
git@github.com: Permission denied (publickey).
fatal: 无法读取远程仓库。

请确认您有正确的访问权限并且仓库存在。
⚠️  Git 推送失败（可能网络问题）

================================
✅ RL 学习完成！
📄 日志：/home/openclaw/.openclaw/workspace/obsidian-repo/knowledge/rl/study-log-2026-03-09.md
📚 知识目录：/home/openclaw/.openclaw/workspace/obsidian-repo/knowledge/rl
================================
[2026-03-09 21:00:05] ✅ RL 学习完成：code
[2026-03-09 21:00:05] ==========================================
[2026-03-09 21:00:05] ✅ Heartbeat 检查完成
[2026-03-09 21:00:05] ==========================================
[2026-03-09 22:00:01] ==========================================
[2026-03-09 22:00:01] 🦐 Heartbeat 自动执行 | 22:00 | 周1
[2026-03-09 22:00:01] ==========================================
[2026-03-09 22:00:01] ==========================================
[2026-03-09 22:00:01] ✅ Heartbeat 检查完成
[2026-03-09 22:00:01] ==========================================
[2026-03-09 23:00:01] ==========================================
[2026-03-09 23:00:01] 🦐 Heartbeat 自动执行 | 23:00 | 周1
[2026-03-09 23:00:01] ==========================================
[2026-03-09 23:00:01] ==========================================
[2026-03-09 23:00:01] ✅ Heartbeat 检查完成
[2026-03-09 23:00:01] ==========================================
[2026-03-10 00:00:01] ==========================================
[2026-03-10 00:00:01] 🦐 Heartbeat 自动执行 | 00:00 | 周2
[2026-03-10 00:00:01] ==========================================
[2026-03-10 00:00:01] ==========================================
[2026-03-10 00:00:01] ✅ Heartbeat 检查完成
[2026-03-10 00:00:01] ==========================================
[2026-03-10 01:00:01] ==========================================
[2026-03-10 01:00:01] 🦐 Heartbeat 自动执行 | 01:00 | 周2
[2026-03-10 01:00:01] ==========================================
[2026-03-10 01:00:01] ==========================================
[2026-03-10 01:00:01] ✅ Heartbeat 检查完成
[2026-03-10 01:00:01] ==========================================
[2026-03-10 02:00:01] ==========================================
[2026-03-10 02:00:01] 🦐 Heartbeat 自动执行 | 02:00 | 周2
[2026-03-10 02:00:01] ==========================================
[2026-03-10 02:00:01] ==========================================
[2026-03-10 02:00:01] ✅ Heartbeat 检查完成
[2026-03-10 02:00:01] ==========================================
[2026-03-10 03:00:01] ==========================================
[2026-03-10 03:00:01] 🦐 Heartbeat 自动执行 | 03:00 | 周2
[2026-03-10 03:00:01] ==========================================
[2026-03-10 03:00:01] ==========================================
[2026-03-10 03:00:01] ✅ Heartbeat 检查完成
[2026-03-10 03:00:01] ==========================================
[2026-03-10 04:00:01] ==========================================
[2026-03-10 04:00:01] 🦐 Heartbeat 自动执行 | 04:00 | 周2
[2026-03-10 04:00:01] ==========================================
[2026-03-10 04:00:01] ==========================================
[2026-03-10 04:00:01] ✅ Heartbeat 检查完成
[2026-03-10 04:00:01] ==========================================
[2026-03-10 05:00:01] ==========================================
[2026-03-10 05:00:01] 🦐 Heartbeat 自动执行 | 05:00 | 周2
[2026-03-10 05:00:01] ==========================================
[2026-03-10 05:00:01] ==========================================
[2026-03-10 05:00:01] ✅ Heartbeat 检查完成
[2026-03-10 05:00:01] ==========================================
[2026-03-10 06:00:01] ==========================================
[2026-03-10 06:00:01] 🦐 Heartbeat 自动执行 | 06:00 | 周2
[2026-03-10 06:00:01] ==========================================
[2026-03-10 06:00:01] ==========================================
[2026-03-10 06:00:01] ✅ Heartbeat 检查完成
[2026-03-10 06:00:01] ==========================================
[2026-03-10 07:00:01] ==========================================
[2026-03-10 07:00:01] 🦐 Heartbeat 自动执行 | 07:00 | 周2
[2026-03-10 07:00:01] ==========================================
[2026-03-10 07:00:01] 📈 执行财经日报生成
[07:00:02] 🦐 小虾财经日报 | 生成日期：2026-03-10
[07:00:02] 📍 输出位置：/home/openclaw/.openclaw/workspace/obsidian-repo/daily/financial-news/2026-03-10.md
[07:00:02] 📊 获取 A 股行情数据...
[07:00:03] 📰 搜索重大新闻...
[07:00:19] ✅ 财经日报生成完成！
[07:00:19] 📄 文件：/home/openclaw/.openclaw/workspace/obsidian-repo/daily/financial-news/2026-03-10.md
[07:00:19] 📊 行数：262

✅ 财经日报生成完成！
📄 文件：/home/openclaw/.openclaw/workspace/obsidian-repo/daily/financial-news/2026-03-10.md
📊 统计：262 行
[2026-03-10 07:00:19] ✅ 财经日报完成
[2026-03-10 07:00:19] ==========================================
[2026-03-10 07:00:19] ✅ Heartbeat 检查完成
[2026-03-10 07:00:19] ==========================================
[2026-03-10 08:00:01] ==========================================
[2026-03-10 08:00:01] 🦐 Heartbeat 自动执行 | 08:00 | 周2
[2026-03-10 08:00:02] ==========================================
./heartbeat-exec.sh: 行 60: 08: 值对于底数而言过大（错误记号是 "08"）
./heartbeat-exec.sh: 行 60: 08: 值对于底数而言过大（错误记号是 "08"）
./heartbeat-exec.sh: 行 60: 08: 值对于底数而言过大（错误记号是 "08"）
./heartbeat-exec.sh: 行 60: 08: 值对于底数而言过大（错误记号是 "08"）
[2026-03-10 08:00:02] ==========================================
[2026-03-10 08:00:02] ✅ Heartbeat 检查完成
[2026-03-10 08:00:02] ==========================================
[2026-03-10 09:00:01] ==========================================
[2026-03-10 09:00:01] 🦐 Heartbeat 自动执行 | 09:00 | 周2
[2026-03-10 09:00:01] ==========================================
./heartbeat-exec.sh: 行 60: 09: 值对于底数而言过大（错误记号是 "09"）
./heartbeat-exec.sh: 行 60: 09: 值对于底数而言过大（错误记号是 "09"）
./heartbeat-exec.sh: 行 60: 09: 值对于底数而言过大（错误记号是 "09"）
./heartbeat-exec.sh: 行 60: 09: 值对于底数而言过大（错误记号是 "09"）
[2026-03-10 09:00:01] ==========================================
[2026-03-10 09:00:01] ✅ Heartbeat 检查完成
[2026-03-10 09:00:01] ==========================================
[2026-03-10 10:00:01] ==========================================
[2026-03-10 10:00:01] 🦐 Heartbeat 自动执行 | 10:00 | 周2
[2026-03-10 10:00:01] ==========================================
./heartbeat-exec.sh: 第 97 行： local: 只能在函数中使用
[2026-03-10 11:00:01] ==========================================
[2026-03-10 11:00:01] 🦐 Heartbeat 自动执行 | 11:00 | 周2
[2026-03-10 11:00:01] ==========================================
[2026-03-10 11:00:01] ==========================================
[2026-03-10 11:00:01] ✅ Heartbeat 检查完成
[2026-03-10 11:00:01] ==========================================
[2026-03-10 12:00:02] ==========================================
[2026-03-10 12:00:02] 🦐 Heartbeat 自动执行 | 12:00 | 周2
[2026-03-10 12:00:02] ==========================================
[2026-03-10 12:00:02] ==========================================
[2026-03-10 12:00:02] ✅ Heartbeat 检查完成
[2026-03-10 12:00:02] ==========================================
[2026-03-10 13:00:01] ==========================================
[2026-03-10 13:00:01] 🦐 Heartbeat 自动执行 | 13:00 | 周2
[2026-03-10 13:00:01] ==========================================
[2026-03-10 13:00:01] 📚 执行 RL 学习：paper
✅ 代理已启用 (mihomo-agent) | 飞书/国内服务走直连
🦐 小虾 RL 研究模块 | 启动时间：2026-03-10 13:00:02
📍 工作目录：/home/openclaw/.openclaw/workspace/obsidian-repo

📚 学习主题：paper
⏱️  预计时长：30 分钟

📖 开始论文阅读...

🔍 搜索 RL 前沿论文...
✅ 找到相关论文链接
   - [0;34m[INFO][0m 搜索：reinforcement learning 2025 2026 paper arxiv
   - https://maps.google.com/maps?q=reinforcement%20learning%202025%202026%20paper%20arxiv&amp;tbs=&amp;safe=off
   - https://www.arxiv.org/abs/2602.08377
   - https://arxiv.org/abs/2510.25992
   - https://www.facebook.com/groups/DeepNetGroup/posts/2603279306731602/

✅ 论文阅读模板已创建

📄 学习日志完成：/home/openclaw/.openclaw/workspace/obsidian-repo/knowledge/rl/study-log-2026-03-10.md

[main 112d696] 🤖 RL Study: paper (2026-03-10)
 1 file changed, 2 insertions(+), 9 deletions(-)
🔄 正在推送到 GitHub...
git@github.com: Permission denied (publickey).
fatal: 无法读取远程仓库。

请确认您有正确的访问权限并且仓库存在。
⚠️  Git 推送失败（可能网络问题）

================================
✅ RL 学习完成！
📄 日志：/home/openclaw/.openclaw/workspace/obsidian-repo/knowledge/rl/study-log-2026-03-10.md
📚 知识目录：/home/openclaw/.openclaw/workspace/obsidian-repo/knowledge/rl
================================
[2026-03-10 13:00:26] ✅ RL 学习完成：paper
[2026-03-10 13:00:26] ==========================================
[2026-03-10 13:00:26] ✅ Heartbeat 检查完成
[2026-03-10 13:00:26] ==========================================
[2026-03-10 14:00:01] ==========================================
[2026-03-10 14:00:01] 🦐 Heartbeat 自动执行 | 14:00 | 周2
[2026-03-10 14:00:01] ==========================================
[2026-03-10 14:00:01] 📚 执行 RL 学习：paper
✅ 代理已启用 (mihomo-agent) | 飞书/国内服务走直连
🦐 小虾 RL 研究模块 | 启动时间：2026-03-10 14:00:01
📍 工作目录：/home/openclaw/.openclaw/workspace/obsidian-repo

📚 学习主题：paper
⏱️  预计时长：30 分钟

📖 开始论文阅读...

🔍 搜索 RL 前沿论文...
✅ 找到相关论文链接
   - [0;34m[INFO][0m 搜索：reinforcement learning 2025 2026 paper arxiv
   - https://maps.google.com/maps?q=reinforcement%20learning%202025%202026%20paper%20arxiv&amp;tbs=&amp;safe=off
   - https://arxiv.org/abs/2602.08377
   - https://arxiv.org/abs/2510.25992
   - https://www.facebook.com/groups/DeepNetGroup/posts/2603279306731602/

✅ 论文阅读模板已创建

📄 学习日志完成：/home/openclaw/.openclaw/workspace/obsidian-repo/knowledge/rl/study-log-2026-03-10.md

[main 27bdfe6] 🤖 RL Study: paper (2026-03-10)
 1 file changed, 1 insertion(+), 1 deletion(-)
🔄 正在推送到 GitHub...
git@github.com: Permission denied (publickey).
fatal: 无法读取远程仓库。

请确认您有正确的访问权限并且仓库存在。
⚠️  Git 推送失败（可能网络问题）

================================
✅ RL 学习完成！
📄 日志：/home/openclaw/.openclaw/workspace/obsidian-repo/knowledge/rl/study-log-2026-03-10.md
📚 知识目录：/home/openclaw/.openclaw/workspace/obsidian-repo/knowledge/rl
================================
[2026-03-10 14:00:13] ✅ RL 学习完成：paper
[2026-03-10 14:00:13] ==========================================
[2026-03-10 14:00:13] ✅ Heartbeat 检查完成
[2026-03-10 14:00:13] ==========================================
[2026-03-10 15:00:01] ==========================================
[2026-03-10 15:00:01] 🦐 Heartbeat 自动执行 | 15:00 | 周2
[2026-03-10 15:00:01] ==========================================
[2026-03-10 15:00:01] 📚 执行 RL 学习：paper
✅ 代理已启用 (mihomo-agent) | 飞书/国内服务走直连
🦐 小虾 RL 研究模块 | 启动时间：2026-03-10 15:00:02
📍 工作目录：/home/openclaw/.openclaw/workspace/obsidian-repo

📚 学习主题：paper
⏱️  预计时长：30 分钟

📖 开始论文阅读...

🔍 搜索 RL 前沿论文...
✅ 找到相关论文链接
   - [0;34m[INFO][0m 搜索：reinforcement learning 2025 2026 paper arxiv
   - https://maps.google.com/maps?q=reinforcement%20learning%202025%202026%20paper%20arxiv&amp;tbs=&amp;safe=off
   - https://arxiv.org/abs/2602.08377
   - https://arxiv.org/abs/2510.25992
   - https://www.facebook.com/groups/DeepNetGroup/posts/2603279306731602/

✅ 论文阅读模板已创建

📄 学习日志完成：/home/openclaw/.openclaw/workspace/obsidian-repo/knowledge/rl/study-log-2026-03-10.md

[main 97f783d] 🤖 RL Study: paper (2026-03-10)
 1 file changed, 1 insertion(+), 1 deletion(-)
🔄 正在推送到 GitHub...
git@github.com: Permission denied (publickey).
fatal: 无法读取远程仓库。

请确认您有正确的访问权限并且仓库存在。
⚠️  Git 推送失败（可能网络问题）

================================
✅ RL 学习完成！
📄 日志：/home/openclaw/.openclaw/workspace/obsidian-repo/knowledge/rl/study-log-2026-03-10.md
📚 知识目录：/home/openclaw/.openclaw/workspace/obsidian-repo/knowledge/rl
================================
[2026-03-10 15:00:13] ✅ RL 学习完成：paper
[2026-03-10 15:00:14] ==========================================
[2026-03-10 15:00:14] ✅ Heartbeat 检查完成
[2026-03-10 15:00:14] ==========================================
[2026-03-10 16:00:01] ==========================================
[2026-03-10 16:00:01] 🦐 Heartbeat 自动执行 | 16:00 | 周2
[2026-03-10 16:00:01] ==========================================
[2026-03-10 16:00:01] ==========================================
[2026-03-10 16:00:01] ✅ Heartbeat 检查完成
[2026-03-10 16:00:01] ==========================================
[2026-03-10 17:00:01] ==========================================
[2026-03-10 17:00:01] 🦐 Heartbeat 自动执行 | 17:00 | 周2
[2026-03-10 17:00:01] ==========================================
[2026-03-10 17:00:01] ==========================================
[2026-03-10 17:00:01] ✅ Heartbeat 检查完成
[2026-03-10 17:00:01] ==========================================
[2026-03-10 18:00:01] ==========================================
[2026-03-10 18:00:01] 🦐 Heartbeat 自动执行 | 18:00 | 周2
[2026-03-10 18:00:01] ==========================================
[2026-03-10 18:00:01] ==========================================
[2026-03-10 18:00:01] ✅ Heartbeat 检查完成
[2026-03-10 18:00:01] ==========================================
