[2026-03-08 13:52:39] ==========================================
[2026-03-08 13:52:39] 🦐 OpenViking 记忆同步
[2026-03-08 13:52:39] ==========================================
[2026-03-08 13:52:39] 📥 发现 4 个未同步文件
[2026-03-08 13:52:39] 导入：2026-03-05.md
status       success
errors       []
source_path  /home/openclaw/.openclaw/workspace/memory/2026-03-05.md
meta         {}
root_uri     viking://resources/2026-03-05_1

[2026-03-08 13:52:39] 导入：2026-03-06.md
status       success
errors       []
source_path  /home/openclaw/.openclaw/workspace/memory/2026-03-06.md
meta         {}
root_uri     viking://resources/2026-03-06_1

[2026-03-08 13:52:39] 导入：2026-03-07.md
status       success
errors       []
source_path  /home/openclaw/.openclaw/workspace/memory/2026-03-07.md
meta         {}
root_uri     viking://resources/2026-03-07_1

[2026-03-08 13:52:39] 导入：2026-03-08.md
status       success
errors       []
source_path  /home/openclaw/.openclaw/workspace/memory/2026-03-08.md
meta         {}
root_uri     viking://resources/2026-03-08_1

[2026-03-08 13:52:40] ✅ 同步完成，共  个文件
[2026-03-08 13:52:40] ==========================================
[2026-03-08 13:58:29] ==========================================
[2026-03-08 13:58:29] 🦐 OpenViking 记忆同步
[2026-03-08 13:58:29] ==========================================
[2026-03-08 14:45:41] ==========================================
[2026-03-08 14:45:41] 🦐 OpenViking 记忆同步
[2026-03-08 14:45:41] ==========================================
[2026-03-08 14:57:32] ==========================================
[2026-03-08 14:57:32] 🦐 OpenViking 记忆同步
[2026-03-08 14:57:32] ==========================================
[2026-03-08 15:00:37] ==========================================
[2026-03-08 15:00:37] 🦐 OpenViking 记忆同步
[2026-03-08 15:00:37] ==========================================
