[2026-03-08 16:30:01] 🔍 检查 SearXNG 健康状态...
[2026-03-08 16:30:01] 🔍 检查 SearXNG 健康状态...
[2026-03-08 16:30:01] ✅ 容器运行中
[2026-03-08 16:30:01] ✅ 容器运行中
[2026-03-08 16:30:01] 📊 健康状态：
unknown
[2026-03-08 16:30:01] 📊 健康状态：
unknown
[2026-03-08 16:30:01] ❌ API 不可访问 (HTTP 000000)
[2026-03-08 16:30:01] ❌ API 不可访问 (HTTP 000000)
[2026-03-08 16:30:01] ⚠️  SearXNG 异常，尝试自动修复...
[2026-03-08 16:30:01] ⚠️  SearXNG 异常，尝试自动修复...
[2026-03-08 16:30:01] 🔄 尝试重启 SearXNG...
[2026-03-08 16:30:01] 🔄 尝试重启 SearXNG...
searxng
[2026-03-08 16:30:11] 🔍 检查 SearXNG 健康状态...
[2026-03-08 16:30:11] 🔍 检查 SearXNG 健康状态...
[2026-03-08 16:30:11] ❌ 容器未运行
[2026-03-08 16:30:11] ❌ 容器未运行
[2026-03-08 16:30:11] ❌ 重启失败
[2026-03-08 16:30:11] ❌ 重启失败
[2026-03-08 16:30:11] ❌ 自动修复失败，需要人工干预
[2026-03-08 16:30:11] ❌ 自动修复失败，需要人工干预
