[2026-03-08 16:04:18] ==========================================
[2026-03-08 16:04:18] 🔍 SearXNG 部署脚本
[2026-03-08 16:04:18] ==========================================
[2026-03-08 16:04:18] 📋 检查 mihomo 容器状态...
[2026-03-08 16:04:19] ✅ mihomo-agent 运行中
[2026-03-08 16:04:19] 📝 创建 SearXNG 配置文件...
[2026-03-08 16:04:19] ✅ 配置文件创建完成
[2026-03-08 16:04:19] ✅ Docker Compose 文件创建完成
[2026-03-08 16:04:19] 🚀 启动 SearXNG 容器...
[2026-03-08 16:04:52] ==========================================
[2026-03-08 16:04:52] 🔍 SearXNG 部署脚本
[2026-03-08 16:04:52] ==========================================
[2026-03-08 16:04:52] 📋 检查 mihomo 容器状态...
[2026-03-08 16:04:52] ✅ mihomo-agent 运行中
[2026-03-08 16:04:52] 📝 创建 SearXNG 配置文件...
[2026-03-08 16:04:52] ✅ 配置文件创建完成
[2026-03-08 16:04:52] 📦 创建 Docker 卷...
[2026-03-08 16:04:52] ✅ Docker 卷创建完成
[2026-03-08 16:04:52] 🚀 启动 SearXNG 容器...
[2026-03-08 16:05:48] ⏳ 等待容器启动...
[2026-03-08 16:05:58] ✅ SearXNG 部署成功!
[2026-03-08 16:05:58] 
[2026-03-08 16:05:58] 📍 访问地址:
[2026-03-08 16:05:58]    Web UI: http://127.0.0.1:8080
[2026-03-08 16:05:58]    API:    http://127.0.0.1:8080/search?q=xxx&format=json
[2026-03-08 16:05:58] 
[2026-03-08 16:05:58] 📋 管理命令:
[2026-03-08 16:05:58]    查看日志：docker logs searxng
[2026-03-08 16:05:58]    重启：docker compose restart
[2026-03-08 16:05:58]    停止：docker compose down
[2026-03-08 16:05:58] ==========================================
[2026-03-08 16:05:58] ✅ SearXNG 部署完成
[2026-03-08 16:05:58] ==========================================
