✅ Daily log already exists: /home/openclaw/.openclaw/workspace/obsidian-repo/daily/work/2026-03-05.md
位于分支 main
您的分支与上游分支 'origin/main' 一致。

未跟踪的文件:
  （使用 "git add <文件>..." 以包含要提交的内容）
	projects/research-agent-system/
	scripts/cron.log

提交为空，但是存在尚未跟踪的文件（使用 "git add" 建立跟踪）
No changes to commit
git@github.com: Permission denied (publickey).
fatal: 无法读取远程仓库。

请确认您有正确的访问权限并且仓库存在。
error: 源引用规格 master 没有匹配
error: 无法推送一些引用到 'github.com:Parad1se-one/Obsidian.git'
Push failed - may need manual intervention
✅ Daily log completed for 2026-03-05
📝 Creating daily log for 2026-03-06
[main 8447317] 📝 Daily log: 2026-03-06
 1 file changed, 19 insertions(+)
 create mode 100644 daily/work/2026-03-06.md
git@github.com: Permission denied (publickey).
fatal: 无法读取远程仓库。

请确认您有正确的访问权限并且仓库存在。
error: 源引用规格 master 没有匹配
error: 无法推送一些引用到 'github.com:Parad1se-one/Obsidian.git'
Push failed - may need manual intervention
✅ Daily log completed for 2026-03-06
📝 Creating daily log for 2026-03-07
[main 483bc2d] 📝 Daily log: 2026-03-07
 1 file changed, 19 insertions(+)
 create mode 100644 daily/work/2026-03-07.md
git@github.com: Permission denied (publickey).
fatal: 无法读取远程仓库。

请确认您有正确的访问权限并且仓库存在。
error: 源引用规格 master 没有匹配
error: 无法推送一些引用到 'github.com:Parad1se-one/Obsidian.git'
Push failed - may need manual intervention
✅ Daily log completed for 2026-03-07
📝 Creating daily log for 2026-03-08
[main 1b7e3eb] 📝 Daily log: 2026-03-08
 1 file changed, 19 insertions(+)
 create mode 100644 daily/work/2026-03-08.md
git@github.com: Permission denied (publickey).
fatal: 无法读取远程仓库。

请确认您有正确的访问权限并且仓库存在。
error: 源引用规格 master 没有匹配
error: 无法推送一些引用到 'github.com:Parad1se-one/Obsidian.git'
Push failed - may need manual intervention
✅ Daily log completed for 2026-03-08
📝 Creating daily log for 2026-03-09
[main 0c64f0f] 📝 Daily log: 2026-03-09
 1 file changed, 19 insertions(+)
 create mode 100644 daily/work/2026-03-09.md
git@github.com: Permission denied (publickey).
fatal: 无法读取远程仓库。

请确认您有正确的访问权限并且仓库存在。
error: 源引用规格 master 没有匹配
error: 无法推送一些引用到 'github.com:Parad1se-one/Obsidian.git'
Push failed - may need manual intervention
✅ Daily log completed for 2026-03-09
📝 Creating daily log for 2026-03-10
cp: 无法创建普通文件 '/home/openclaw/.openclaw/workspace/obsidian-repo/daily/work/2026-03-10.md': 没有那个文件或目录
📝 Creating daily log for 2026-03-11
cp: 无法创建普通文件 '/home/openclaw/.openclaw/workspace/obsidian-repo/daily/work/2026-03-11.md': 没有那个文件或目录
